<?xml version="1.0" encoding="UTF-8"?>
<testsuite xmlns:xsi="http://www.w3.org/2001/XMLSchema-instance" xsi:noNamespaceSchemaLocation="https://maven.apache.org/surefire/maven-surefire-plugin/xsd/surefire-test-report-3.0.xsd" version="3.0" name="com.workout_planner_service.infrasctructure.adapters.outbound.persistence.WorkoutPersistenceAdapterTest" time="6.677" tests="2" errors="0" skipped="0" failures="0">
  <properties>
    <property name="java.specification.version" value="17"/>
    <property name="sun.cpu.isalist" value="amd64"/>
    <property name="sun.jnu.encoding" value="Cp1252"/>
    <property name="java.class.path" value="C:\Users\guilh\Documents\GitHub\workout-planner-service\target\test-classes;C:\Users\guilh\Documents\GitHub\workout-planner-service\target\classes;C:\Users\guilh\.m2\repository\org\springframework\boot\spring-boot-starter-data-jpa\3.3.4\spring-boot-starter-data-jpa-3.3.4.jar;C:\Users\guilh\.m2\repository\org\springframework\boot\spring-boot-starter-aop\3.3.4\spring-boot-starter-aop-3.3.4.jar;C:\Users\guilh\.m2\repository\org\aspectj\aspectjweaver\1.9.22.1\aspectjweaver-1.9.22.1.jar;C:\Users\guilh\.m2\repository\org\springframework\boot\spring-boot-starter-jdbc\3.3.4\spring-boot-starter-jdbc-3.3.4.jar;C:\Users\guilh\.m2\repository\com\zaxxer\HikariCP\5.1.0\HikariCP-5.1.0.jar;C:\Users\guilh\.m2\repository\org\springframework\spring-jdbc\6.1.13\spring-jdbc-6.1.13.jar;C:\Users\guilh\.m2\repository\org\hibernate\orm\hibernate-core\6.5.3.Final\hibernate-core-6.5.3.Final.jar;C:\Users\guilh\.m2\repository\jakarta\persistence\jakarta.persistence-api\3.1.0\jakarta.persistence-api-3.1.0.jar;C:\Users\guilh\.m2\repository\jakarta\transaction\jakarta.transaction-api\2.0.1\jakarta.transaction-api-2.0.1.jar;C:\Users\guilh\.m2\repository\org\jboss\logging\jboss-logging\3.5.3.Final\jboss-logging-3.5.3.Final.jar;C:\Users\guilh\.m2\repository\org\hibernate\common\hibernate-commons-annotations\6.0.6.Final\hibernate-commons-annotations-6.0.6.Final.jar;C:\Users\guilh\.m2\repository\io\smallrye\jandex\3.1.2\jandex-3.1.2.jar;C:\Users\guilh\.m2\repository\com\fasterxml\classmate\1.7.0\classmate-1.7.0.jar;C:\Users\guilh\.m2\repository\net\bytebuddy\byte-buddy\1.14.19\byte-buddy-1.14.19.jar;C:\Users\guilh\.m2\repository\org\glassfish\jaxb\jaxb-runtime\4.0.5\jaxb-runtime-4.0.5.jar;C:\Users\guilh\.m2\repository\org\glassfish\jaxb\jaxb-core\4.0.5\jaxb-core-4.0.5.jar;C:\Users\guilh\.m2\repository\org\eclipse\angus\angus-activation\2.0.2\angus-activation-2.0.2.jar;C:\Users\guilh\.m2\repository\org\glassfish\jaxb\txw2\4.0.5\txw2-4.0.5.jar;C:\Users\guilh\.m2\repository\com\sun\istack\istack-commons-runtime\4.1.2\istack-commons-runtime-4.1.2.jar;C:\Users\guilh\.m2\repository\jakarta\inject\jakarta.inject-api\2.0.1\jakarta.inject-api-2.0.1.jar;C:\Users\guilh\.m2\repository\org\antlr\antlr4-runtime\4.13.0\antlr4-runtime-4.13.0.jar;C:\Users\guilh\.m2\repository\org\springframework\data\spring-data-jpa\3.3.4\spring-data-jpa-3.3.4.jar;C:\Users\guilh\.m2\repository\org\springframework\data\spring-data-commons\3.3.4\spring-data-commons-3.3.4.jar;C:\Users\guilh\.m2\repository\org\springframework\spring-orm\6.1.13\spring-orm-6.1.13.jar;C:\Users\guilh\.m2\repository\org\springframework\spring-context\6.1.13\spring-context-6.1.13.jar;C:\Users\guilh\.m2\repository\org\springframework\spring-tx\6.1.13\spring-tx-6.1.13.jar;C:\Users\guilh\.m2\repository\org\springframework\spring-beans\6.1.13\spring-beans-6.1.13.jar;C:\Users\guilh\.m2\repository\jakarta\annotation\jakarta.annotation-api\2.1.1\jakarta.annotation-api-2.1.1.jar;C:\Users\guilh\.m2\repository\org\springframework\spring-aspects\6.1.13\spring-aspects-6.1.13.jar;C:\Users\guilh\.m2\repository\org\springframework\boot\spring-boot-starter-web\3.3.4\spring-boot-starter-web-3.3.4.jar;C:\Users\guilh\.m2\repository\org\springframework\boot\spring-boot-starter\3.3.4\spring-boot-starter-3.3.4.jar;C:\Users\guilh\.m2\repository\org\springframework\boot\spring-boot\3.3.4\spring-boot-3.3.4.jar;C:\Users\guilh\.m2\repository\org\springframework\boot\spring-boot-autoconfigure\3.3.4\spring-boot-autoconfigure-3.3.4.jar;C:\Users\guilh\.m2\repository\org\springframework\boot\spring-boot-starter-logging\3.3.4\spring-boot-starter-logging-3.3.4.jar;C:\Users\guilh\.m2\repository\ch\qos\logback\logback-classic\1.5.8\logback-classic-1.5.8.jar;C:\Users\guilh\.m2\repository\ch\qos\logback\logback-core\1.5.8\logback-core-1.5.8.jar;C:\Users\guilh\.m2\repository\org\apache\logging\log4j\log4j-to-slf4j\2.23.1\log4j-to-slf4j-2.23.1.jar;C:\Users\guilh\.m2\repository\org\apache\logging\log4j\log4j-api\2.23.1\log4j-api-2.23.1.jar;C:\Users\guilh\.m2\repository\org\slf4j\jul-to-slf4j\2.0.16\jul-to-slf4j-2.0.16.jar;C:\Users\guilh\.m2\repository\org\springframework\boot\spring-boot-starter-json\3.3.4\spring-boot-starter-json-3.3.4.jar;C:\Users\guilh\.m2\repository\com\fasterxml\jackson\datatype\jackson-datatype-jdk8\2.17.2\jackson-datatype-jdk8-2.17.2.jar;C:\Users\guilh\.m2\repository\com\fasterxml\jackson\datatype\jackson-datatype-jsr310\2.17.2\jackson-datatype-jsr310-2.17.2.jar;C:\Users\guilh\.m2\repository\com\fasterxml\jackson\module\jackson-module-parameter-names\2.17.2\jackson-module-parameter-names-2.17.2.jar;C:\Users\guilh\.m2\repository\org\springframework\boot\spring-boot-starter-tomcat\3.3.4\spring-boot-starter-tomcat-3.3.4.jar;C:\Users\guilh\.m2\repository\org\apache\tomcat\embed\tomcat-embed-core\10.1.30\tomcat-embed-core-10.1.30.jar;C:\Users\guilh\.m2\repository\org\apache\tomcat\embed\tomcat-embed-el\10.1.30\tomcat-embed-el-10.1.30.jar;C:\Users\guilh\.m2\repository\org\apache\tomcat\embed\tomcat-embed-websocket\10.1.30\tomcat-embed-websocket-10.1.30.jar;C:\Users\guilh\.m2\repository\org\springframework\spring-web\6.1.13\spring-web-6.1.13.jar;C:\Users\guilh\.m2\repository\io\micrometer\micrometer-observation\1.13.4\micrometer-observation-1.13.4.jar;C:\Users\guilh\.m2\repository\io\micrometer\micrometer-commons\1.13.4\micrometer-commons-1.13.4.jar;C:\Users\guilh\.m2\repository\org\springframework\spring-webmvc\6.1.13\spring-webmvc-6.1.13.jar;C:\Users\guilh\.m2\repository\org\springframework\spring-expression\6.1.13\spring-expression-6.1.13.jar;C:\Users\guilh\.m2\repository\io\hypersistence\hypersistence-utils-hibernate-63\3.8.2\hypersistence-utils-hibernate-63-3.8.2.jar;C:\Users\guilh\.m2\repository\jakarta\xml\bind\jakarta.xml.bind-api\4.0.2\jakarta.xml.bind-api-4.0.2.jar;C:\Users\guilh\.m2\repository\jakarta\activation\jakarta.activation-api\2.1.3\jakarta.activation-api-2.1.3.jar;C:\Users\guilh\.m2\repository\io\hypersistence\hypersistence-tsid\2.1.1\hypersistence-tsid-2.1.1.jar;C:\Users\guilh\.m2\repository\org\projectlombok\lombok\1.18.34\lombok-1.18.34.jar;C:\Users\guilh\.m2\repository\org\springframework\boot\spring-boot-starter-test\3.3.4\spring-boot-starter-test-3.3.4.jar;C:\Users\guilh\.m2\repository\org\springframework\boot\spring-boot-test\3.3.4\spring-boot-test-3.3.4.jar;C:\Users\guilh\.m2\repository\org\springframework\boot\spring-boot-test-autoconfigure\3.3.4\spring-boot-test-autoconfigure-3.3.4.jar;C:\Users\guilh\.m2\repository\com\jayway\jsonpath\json-path\2.9.0\json-path-2.9.0.jar;C:\Users\guilh\.m2\repository\net\minidev\json-smart\2.5.1\json-smart-2.5.1.jar;C:\Users\guilh\.m2\repository\net\minidev\accessors-smart\2.5.1\accessors-smart-2.5.1.jar;C:\Users\guilh\.m2\repository\org\ow2\asm\asm\9.6\asm-9.6.jar;C:\Users\guilh\.m2\repository\org\assertj\assertj-core\3.25.3\assertj-core-3.25.3.jar;C:\Users\guilh\.m2\repository\org\awaitility\awaitility\4.2.2\awaitility-4.2.2.jar;C:\Users\guilh\.m2\repository\org\hamcrest\hamcrest\2.2\hamcrest-2.2.jar;C:\Users\guilh\.m2\repository\org\junit\jupiter\junit-jupiter\5.10.3\junit-jupiter-5.10.3.jar;C:\Users\guilh\.m2\repository\org\junit\jupiter\junit-jupiter-api\5.10.3\junit-jupiter-api-5.10.3.jar;C:\Users\guilh\.m2\repository\org\opentest4j\opentest4j\1.3.0\opentest4j-1.3.0.jar;C:\Users\guilh\.m2\repository\org\junit\platform\junit-platform-commons\1.10.3\junit-platform-commons-1.10.3.jar;C:\Users\guilh\.m2\repository\org\apiguardian\apiguardian-api\1.1.2\apiguardian-api-1.1.2.jar;C:\Users\guilh\.m2\repository\org\junit\jupiter\junit-jupiter-params\5.10.3\junit-jupiter-params-5.10.3.jar;C:\Users\guilh\.m2\repository\org\junit\jupiter\junit-jupiter-engine\5.10.3\junit-jupiter-engine-5.10.3.jar;C:\Users\guilh\.m2\repository\org\junit\platform\junit-platform-engine\1.10.3\junit-platform-engine-1.10.3.jar;C:\Users\guilh\.m2\repository\org\mockito\mockito-core\5.11.0\mockito-core-5.11.0.jar;C:\Users\guilh\.m2\repository\net\bytebuddy\byte-buddy-agent\1.14.19\byte-buddy-agent-1.14.19.jar;C:\Users\guilh\.m2\repository\org\objenesis\objenesis\3.3\objenesis-3.3.jar;C:\Users\guilh\.m2\repository\org\mockito\mockito-junit-jupiter\5.11.0\mockito-junit-jupiter-5.11.0.jar;C:\Users\guilh\.m2\repository\org\skyscreamer\jsonassert\1.5.3\jsonassert-1.5.3.jar;C:\Users\guilh\.m2\repository\com\vaadin\external\google\android-json\0.0.20131108.vaadin1\android-json-0.0.20131108.vaadin1.jar;C:\Users\guilh\.m2\repository\org\springframework\spring-core\6.1.13\spring-core-6.1.13.jar;C:\Users\guilh\.m2\repository\org\springframework\spring-jcl\6.1.13\spring-jcl-6.1.13.jar;C:\Users\guilh\.m2\repository\org\springframework\spring-test\6.1.13\spring-test-6.1.13.jar;C:\Users\guilh\.m2\repository\org\xmlunit\xmlunit-core\2.9.1\xmlunit-core-2.9.1.jar;C:\Users\guilh\.m2\repository\org\liquibase\liquibase-core\4.27.0\liquibase-core-4.27.0.jar;C:\Users\guilh\.m2\repository\com\opencsv\opencsv\5.9\opencsv-5.9.jar;C:\Users\guilh\.m2\repository\org\apache\commons\commons-text\1.11.0\commons-text-1.11.0.jar;C:\Users\guilh\.m2\repository\org\apache\commons\commons-collections4\4.4\commons-collections4-4.4.jar;C:\Users\guilh\.m2\repository\org\yaml\snakeyaml\2.2\snakeyaml-2.2.jar;C:\Users\guilh\.m2\repository\javax\xml\bind\jaxb-api\2.3.1\jaxb-api-2.3.1.jar;C:\Users\guilh\.m2\repository\org\apache\commons\commons-lang3\3.14.0\commons-lang3-3.14.0.jar;C:\Users\guilh\.m2\repository\org\postgresql\postgresql\42.7.4\postgresql-42.7.4.jar;C:\Users\guilh\.m2\repository\org\checkerframework\checker-qual\3.42.0\checker-qual-3.42.0.jar;C:\Users\guilh\.m2\repository\org\mapstruct\mapstruct\1.6.2\mapstruct-1.6.2.jar;C:\Users\guilh\.m2\repository\org\mapstruct\mapstruct-processor\1.6.2\mapstruct-processor-1.6.2.jar;C:\Users\guilh\.m2\repository\org\springframework\boot\spring-boot-starter-security\3.3.4\spring-boot-starter-security-3.3.4.jar;C:\Users\guilh\.m2\repository\org\springframework\spring-aop\6.1.13\spring-aop-6.1.13.jar;C:\Users\guilh\.m2\repository\org\springframework\security\spring-security-config\6.3.3\spring-security-config-6.3.3.jar;C:\Users\guilh\.m2\repository\org\springframework\security\spring-security-core\6.3.3\spring-security-core-6.3.3.jar;C:\Users\guilh\.m2\repository\org\springframework\security\spring-security-crypto\6.3.3\spring-security-crypto-6.3.3.jar;C:\Users\guilh\.m2\repository\org\springframework\security\spring-security-web\6.3.3\spring-security-web-6.3.3.jar;C:\Users\guilh\.m2\repository\io\jsonwebtoken\jjwt-api\0.12.6\jjwt-api-0.12.6.jar;C:\Users\guilh\.m2\repository\io\jsonwebtoken\jjwt-impl\0.12.6\jjwt-impl-0.12.6.jar;C:\Users\guilh\.m2\repository\io\jsonwebtoken\jjwt-jackson\0.12.6\jjwt-jackson-0.12.6.jar;C:\Users\guilh\.m2\repository\com\fasterxml\jackson\core\jackson-databind\2.17.2\jackson-databind-2.17.2.jar;C:\Users\guilh\.m2\repository\com\fasterxml\jackson\core\jackson-annotations\2.17.2\jackson-annotations-2.17.2.jar;C:\Users\guilh\.m2\repository\com\fasterxml\jackson\core\jackson-core\2.17.2\jackson-core-2.17.2.jar;C:\Users\guilh\.m2\repository\org\testcontainers\testcontainers\1.19.0\testcontainers-1.19.0.jar;C:\Users\guilh\.m2\repository\junit\junit\4.13.2\junit-4.13.2.jar;C:\Users\guilh\.m2\repository\org\hamcrest\hamcrest-core\2.2\hamcrest-core-2.2.jar;C:\Users\guilh\.m2\repository\org\slf4j\slf4j-api\2.0.16\slf4j-api-2.0.16.jar;C:\Users\guilh\.m2\repository\org\apache\commons\commons-compress\1.23.0\commons-compress-1.23.0.jar;C:\Users\guilh\.m2\repository\org\rnorth\duct-tape\duct-tape\1.0.8\duct-tape-1.0.8.jar;C:\Users\guilh\.m2\repository\org\jetbrains\annotations\17.0.0\annotations-17.0.0.jar;C:\Users\guilh\.m2\repository\com\github\docker-java\docker-java-api\3.3.3\docker-java-api-3.3.3.jar;C:\Users\guilh\.m2\repository\com\github\docker-java\docker-java-transport-zerodep\3.3.3\docker-java-transport-zerodep-3.3.3.jar;C:\Users\guilh\.m2\repository\com\github\docker-java\docker-java-transport\3.3.3\docker-java-transport-3.3.3.jar;C:\Users\guilh\.m2\repository\net\java\dev\jna\jna\5.12.1\jna-5.12.1.jar;C:\Users\guilh\.m2\repository\org\testcontainers\junit-jupiter\1.19.0\junit-jupiter-1.19.0.jar;C:\Users\guilh\.m2\repository\org\testcontainers\postgresql\1.19.0\postgresql-1.19.0.jar;C:\Users\guilh\.m2\repository\org\testcontainers\jdbc\1.19.8\jdbc-1.19.8.jar;C:\Users\guilh\.m2\repository\org\testcontainers\database-commons\1.19.8\database-commons-1.19.8.jar;"/>
    <property name="java.vm.vendor" value="Eclipse Adoptium"/>
    <property name="sun.arch.data.model" value="64"/>
    <property name="user.variant" value=""/>
    <property name="java.vendor.url" value="https://adoptium.net/"/>
    <property name="user.timezone" value="Europe/London"/>
    <property name="org.jboss.logging.provider" value="slf4j"/>
    <property name="os.name" value="Windows 11"/>
    <property name="java.vm.specification.version" value="17"/>
    <property name="sun.java.launcher" value="SUN_STANDARD"/>
    <property name="user.country" value="US"/>
    <property name="sun.boot.library.path" value="C:\Program Files\Eclipse Adoptium\jdk-17.0.12.7-hotspot\bin"/>
    <property name="sun.java.command" value="C:\Users\guilh\AppData\Local\Temp\surefire11412922965351433454\surefirebooter-20241026150205514_3.jar C:\Users\guilh\AppData\Local\Temp\surefire11412922965351433454 2024-10-26T15-02-05_387-jvmRun1 surefire-20241026150205514_1tmp surefire_0-20241026150205514_2tmp"/>
    <property name="jdk.debug" value="release"/>
    <property name="surefire.test.class.path" value="C:\Users\guilh\Documents\GitHub\workout-planner-service\target\test-classes;C:\Users\guilh\Documents\GitHub\workout-planner-service\target\classes;C:\Users\guilh\.m2\repository\org\springframework\boot\spring-boot-starter-data-jpa\3.3.4\spring-boot-starter-data-jpa-3.3.4.jar;C:\Users\guilh\.m2\repository\org\springframework\boot\spring-boot-starter-aop\3.3.4\spring-boot-starter-aop-3.3.4.jar;C:\Users\guilh\.m2\repository\org\aspectj\aspectjweaver\1.9.22.1\aspectjweaver-1.9.22.1.jar;C:\Users\guilh\.m2\repository\org\springframework\boot\spring-boot-starter-jdbc\3.3.4\spring-boot-starter-jdbc-3.3.4.jar;C:\Users\guilh\.m2\repository\com\zaxxer\HikariCP\5.1.0\HikariCP-5.1.0.jar;C:\Users\guilh\.m2\repository\org\springframework\spring-jdbc\6.1.13\spring-jdbc-6.1.13.jar;C:\Users\guilh\.m2\repository\org\hibernate\orm\hibernate-core\6.5.3.Final\hibernate-core-6.5.3.Final.jar;C:\Users\guilh\.m2\repository\jakarta\persistence\jakarta.persistence-api\3.1.0\jakarta.persistence-api-3.1.0.jar;C:\Users\guilh\.m2\repository\jakarta\transaction\jakarta.transaction-api\2.0.1\jakarta.transaction-api-2.0.1.jar;C:\Users\guilh\.m2\repository\org\jboss\logging\jboss-logging\3.5.3.Final\jboss-logging-3.5.3.Final.jar;C:\Users\guilh\.m2\repository\org\hibernate\common\hibernate-commons-annotations\6.0.6.Final\hibernate-commons-annotations-6.0.6.Final.jar;C:\Users\guilh\.m2\repository\io\smallrye\jandex\3.1.2\jandex-3.1.2.jar;C:\Users\guilh\.m2\repository\com\fasterxml\classmate\1.7.0\classmate-1.7.0.jar;C:\Users\guilh\.m2\repository\net\bytebuddy\byte-buddy\1.14.19\byte-buddy-1.14.19.jar;C:\Users\guilh\.m2\repository\org\glassfish\jaxb\jaxb-runtime\4.0.5\jaxb-runtime-4.0.5.jar;C:\Users\guilh\.m2\repository\org\glassfish\jaxb\jaxb-core\4.0.5\jaxb-core-4.0.5.jar;C:\Users\guilh\.m2\repository\org\eclipse\angus\angus-activation\2.0.2\angus-activation-2.0.2.jar;C:\Users\guilh\.m2\repository\org\glassfish\jaxb\txw2\4.0.5\txw2-4.0.5.jar;C:\Users\guilh\.m2\repository\com\sun\istack\istack-commons-runtime\4.1.2\istack-commons-runtime-4.1.2.jar;C:\Users\guilh\.m2\repository\jakarta\inject\jakarta.inject-api\2.0.1\jakarta.inject-api-2.0.1.jar;C:\Users\guilh\.m2\repository\org\antlr\antlr4-runtime\4.13.0\antlr4-runtime-4.13.0.jar;C:\Users\guilh\.m2\repository\org\springframework\data\spring-data-jpa\3.3.4\spring-data-jpa-3.3.4.jar;C:\Users\guilh\.m2\repository\org\springframework\data\spring-data-commons\3.3.4\spring-data-commons-3.3.4.jar;C:\Users\guilh\.m2\repository\org\springframework\spring-orm\6.1.13\spring-orm-6.1.13.jar;C:\Users\guilh\.m2\repository\org\springframework\spring-context\6.1.13\spring-context-6.1.13.jar;C:\Users\guilh\.m2\repository\org\springframework\spring-tx\6.1.13\spring-tx-6.1.13.jar;C:\Users\guilh\.m2\repository\org\springframework\spring-beans\6.1.13\spring-beans-6.1.13.jar;C:\Users\guilh\.m2\repository\jakarta\annotation\jakarta.annotation-api\2.1.1\jakarta.annotation-api-2.1.1.jar;C:\Users\guilh\.m2\repository\org\springframework\spring-aspects\6.1.13\spring-aspects-6.1.13.jar;C:\Users\guilh\.m2\repository\org\springframework\boot\spring-boot-starter-web\3.3.4\spring-boot-starter-web-3.3.4.jar;C:\Users\guilh\.m2\repository\org\springframework\boot\spring-boot-starter\3.3.4\spring-boot-starter-3.3.4.jar;C:\Users\guilh\.m2\repository\org\springframework\boot\spring-boot\3.3.4\spring-boot-3.3.4.jar;C:\Users\guilh\.m2\repository\org\springframework\boot\spring-boot-autoconfigure\3.3.4\spring-boot-autoconfigure-3.3.4.jar;C:\Users\guilh\.m2\repository\org\springframework\boot\spring-boot-starter-logging\3.3.4\spring-boot-starter-logging-3.3.4.jar;C:\Users\guilh\.m2\repository\ch\qos\logback\logback-classic\1.5.8\logback-classic-1.5.8.jar;C:\Users\guilh\.m2\repository\ch\qos\logback\logback-core\1.5.8\logback-core-1.5.8.jar;C:\Users\guilh\.m2\repository\org\apache\logging\log4j\log4j-to-slf4j\2.23.1\log4j-to-slf4j-2.23.1.jar;C:\Users\guilh\.m2\repository\org\apache\logging\log4j\log4j-api\2.23.1\log4j-api-2.23.1.jar;C:\Users\guilh\.m2\repository\org\slf4j\jul-to-slf4j\2.0.16\jul-to-slf4j-2.0.16.jar;C:\Users\guilh\.m2\repository\org\springframework\boot\spring-boot-starter-json\3.3.4\spring-boot-starter-json-3.3.4.jar;C:\Users\guilh\.m2\repository\com\fasterxml\jackson\datatype\jackson-datatype-jdk8\2.17.2\jackson-datatype-jdk8-2.17.2.jar;C:\Users\guilh\.m2\repository\com\fasterxml\jackson\datatype\jackson-datatype-jsr310\2.17.2\jackson-datatype-jsr310-2.17.2.jar;C:\Users\guilh\.m2\repository\com\fasterxml\jackson\module\jackson-module-parameter-names\2.17.2\jackson-module-parameter-names-2.17.2.jar;C:\Users\guilh\.m2\repository\org\springframework\boot\spring-boot-starter-tomcat\3.3.4\spring-boot-starter-tomcat-3.3.4.jar;C:\Users\guilh\.m2\repository\org\apache\tomcat\embed\tomcat-embed-core\10.1.30\tomcat-embed-core-10.1.30.jar;C:\Users\guilh\.m2\repository\org\apache\tomcat\embed\tomcat-embed-el\10.1.30\tomcat-embed-el-10.1.30.jar;C:\Users\guilh\.m2\repository\org\apache\tomcat\embed\tomcat-embed-websocket\10.1.30\tomcat-embed-websocket-10.1.30.jar;C:\Users\guilh\.m2\repository\org\springframework\spring-web\6.1.13\spring-web-6.1.13.jar;C:\Users\guilh\.m2\repository\io\micrometer\micrometer-observation\1.13.4\micrometer-observation-1.13.4.jar;C:\Users\guilh\.m2\repository\io\micrometer\micrometer-commons\1.13.4\micrometer-commons-1.13.4.jar;C:\Users\guilh\.m2\repository\org\springframework\spring-webmvc\6.1.13\spring-webmvc-6.1.13.jar;C:\Users\guilh\.m2\repository\org\springframework\spring-expression\6.1.13\spring-expression-6.1.13.jar;C:\Users\guilh\.m2\repository\io\hypersistence\hypersistence-utils-hibernate-63\3.8.2\hypersistence-utils-hibernate-63-3.8.2.jar;C:\Users\guilh\.m2\repository\jakarta\xml\bind\jakarta.xml.bind-api\4.0.2\jakarta.xml.bind-api-4.0.2.jar;C:\Users\guilh\.m2\repository\jakarta\activation\jakarta.activation-api\2.1.3\jakarta.activation-api-2.1.3.jar;C:\Users\guilh\.m2\repository\io\hypersistence\hypersistence-tsid\2.1.1\hypersistence-tsid-2.1.1.jar;C:\Users\guilh\.m2\repository\org\projectlombok\lombok\1.18.34\lombok-1.18.34.jar;C:\Users\guilh\.m2\repository\org\springframework\boot\spring-boot-starter-test\3.3.4\spring-boot-starter-test-3.3.4.jar;C:\Users\guilh\.m2\repository\org\springframework\boot\spring-boot-test\3.3.4\spring-boot-test-3.3.4.jar;C:\Users\guilh\.m2\repository\org\springframework\boot\spring-boot-test-autoconfigure\3.3.4\spring-boot-test-autoconfigure-3.3.4.jar;C:\Users\guilh\.m2\repository\com\jayway\jsonpath\json-path\2.9.0\json-path-2.9.0.jar;C:\Users\guilh\.m2\repository\net\minidev\json-smart\2.5.1\json-smart-2.5.1.jar;C:\Users\guilh\.m2\repository\net\minidev\accessors-smart\2.5.1\accessors-smart-2.5.1.jar;C:\Users\guilh\.m2\repository\org\ow2\asm\asm\9.6\asm-9.6.jar;C:\Users\guilh\.m2\repository\org\assertj\assertj-core\3.25.3\assertj-core-3.25.3.jar;C:\Users\guilh\.m2\repository\org\awaitility\awaitility\4.2.2\awaitility-4.2.2.jar;C:\Users\guilh\.m2\repository\org\hamcrest\hamcrest\2.2\hamcrest-2.2.jar;C:\Users\guilh\.m2\repository\org\junit\jupiter\junit-jupiter\5.10.3\junit-jupiter-5.10.3.jar;C:\Users\guilh\.m2\repository\org\junit\jupiter\junit-jupiter-api\5.10.3\junit-jupiter-api-5.10.3.jar;C:\Users\guilh\.m2\repository\org\opentest4j\opentest4j\1.3.0\opentest4j-1.3.0.jar;C:\Users\guilh\.m2\repository\org\junit\platform\junit-platform-commons\1.10.3\junit-platform-commons-1.10.3.jar;C:\Users\guilh\.m2\repository\org\apiguardian\apiguardian-api\1.1.2\apiguardian-api-1.1.2.jar;C:\Users\guilh\.m2\repository\org\junit\jupiter\junit-jupiter-params\5.10.3\junit-jupiter-params-5.10.3.jar;C:\Users\guilh\.m2\repository\org\junit\jupiter\junit-jupiter-engine\5.10.3\junit-jupiter-engine-5.10.3.jar;C:\Users\guilh\.m2\repository\org\junit\platform\junit-platform-engine\1.10.3\junit-platform-engine-1.10.3.jar;C:\Users\guilh\.m2\repository\org\mockito\mockito-core\5.11.0\mockito-core-5.11.0.jar;C:\Users\guilh\.m2\repository\net\bytebuddy\byte-buddy-agent\1.14.19\byte-buddy-agent-1.14.19.jar;C:\Users\guilh\.m2\repository\org\objenesis\objenesis\3.3\objenesis-3.3.jar;C:\Users\guilh\.m2\repository\org\mockito\mockito-junit-jupiter\5.11.0\mockito-junit-jupiter-5.11.0.jar;C:\Users\guilh\.m2\repository\org\skyscreamer\jsonassert\1.5.3\jsonassert-1.5.3.jar;C:\Users\guilh\.m2\repository\com\vaadin\external\google\android-json\0.0.20131108.vaadin1\android-json-0.0.20131108.vaadin1.jar;C:\Users\guilh\.m2\repository\org\springframework\spring-core\6.1.13\spring-core-6.1.13.jar;C:\Users\guilh\.m2\repository\org\springframework\spring-jcl\6.1.13\spring-jcl-6.1.13.jar;C:\Users\guilh\.m2\repository\org\springframework\spring-test\6.1.13\spring-test-6.1.13.jar;C:\Users\guilh\.m2\repository\org\xmlunit\xmlunit-core\2.9.1\xmlunit-core-2.9.1.jar;C:\Users\guilh\.m2\repository\org\liquibase\liquibase-core\4.27.0\liquibase-core-4.27.0.jar;C:\Users\guilh\.m2\repository\com\opencsv\opencsv\5.9\opencsv-5.9.jar;C:\Users\guilh\.m2\repository\org\apache\commons\commons-text\1.11.0\commons-text-1.11.0.jar;C:\Users\guilh\.m2\repository\org\apache\commons\commons-collections4\4.4\commons-collections4-4.4.jar;C:\Users\guilh\.m2\repository\org\yaml\snakeyaml\2.2\snakeyaml-2.2.jar;C:\Users\guilh\.m2\repository\javax\xml\bind\jaxb-api\2.3.1\jaxb-api-2.3.1.jar;C:\Users\guilh\.m2\repository\org\apache\commons\commons-lang3\3.14.0\commons-lang3-3.14.0.jar;C:\Users\guilh\.m2\repository\org\postgresql\postgresql\42.7.4\postgresql-42.7.4.jar;C:\Users\guilh\.m2\repository\org\checkerframework\checker-qual\3.42.0\checker-qual-3.42.0.jar;C:\Users\guilh\.m2\repository\org\mapstruct\mapstruct\1.6.2\mapstruct-1.6.2.jar;C:\Users\guilh\.m2\repository\org\mapstruct\mapstruct-processor\1.6.2\mapstruct-processor-1.6.2.jar;C:\Users\guilh\.m2\repository\org\springframework\boot\spring-boot-starter-security\3.3.4\spring-boot-starter-security-3.3.4.jar;C:\Users\guilh\.m2\repository\org\springframework\spring-aop\6.1.13\spring-aop-6.1.13.jar;C:\Users\guilh\.m2\repository\org\springframework\security\spring-security-config\6.3.3\spring-security-config-6.3.3.jar;C:\Users\guilh\.m2\repository\org\springframework\security\spring-security-core\6.3.3\spring-security-core-6.3.3.jar;C:\Users\guilh\.m2\repository\org\springframework\security\spring-security-crypto\6.3.3\spring-security-crypto-6.3.3.jar;C:\Users\guilh\.m2\repository\org\springframework\security\spring-security-web\6.3.3\spring-security-web-6.3.3.jar;C:\Users\guilh\.m2\repository\io\jsonwebtoken\jjwt-api\0.12.6\jjwt-api-0.12.6.jar;C:\Users\guilh\.m2\repository\io\jsonwebtoken\jjwt-impl\0.12.6\jjwt-impl-0.12.6.jar;C:\Users\guilh\.m2\repository\io\jsonwebtoken\jjwt-jackson\0.12.6\jjwt-jackson-0.12.6.jar;C:\Users\guilh\.m2\repository\com\fasterxml\jackson\core\jackson-databind\2.17.2\jackson-databind-2.17.2.jar;C:\Users\guilh\.m2\repository\com\fasterxml\jackson\core\jackson-annotations\2.17.2\jackson-annotations-2.17.2.jar;C:\Users\guilh\.m2\repository\com\fasterxml\jackson\core\jackson-core\2.17.2\jackson-core-2.17.2.jar;C:\Users\guilh\.m2\repository\org\testcontainers\testcontainers\1.19.0\testcontainers-1.19.0.jar;C:\Users\guilh\.m2\repository\junit\junit\4.13.2\junit-4.13.2.jar;C:\Users\guilh\.m2\repository\org\hamcrest\hamcrest-core\2.2\hamcrest-core-2.2.jar;C:\Users\guilh\.m2\repository\org\slf4j\slf4j-api\2.0.16\slf4j-api-2.0.16.jar;C:\Users\guilh\.m2\repository\org\apache\commons\commons-compress\1.23.0\commons-compress-1.23.0.jar;C:\Users\guilh\.m2\repository\org\rnorth\duct-tape\duct-tape\1.0.8\duct-tape-1.0.8.jar;C:\Users\guilh\.m2\repository\org\jetbrains\annotations\17.0.0\annotations-17.0.0.jar;C:\Users\guilh\.m2\repository\com\github\docker-java\docker-java-api\3.3.3\docker-java-api-3.3.3.jar;C:\Users\guilh\.m2\repository\com\github\docker-java\docker-java-transport-zerodep\3.3.3\docker-java-transport-zerodep-3.3.3.jar;C:\Users\guilh\.m2\repository\com\github\docker-java\docker-java-transport\3.3.3\docker-java-transport-3.3.3.jar;C:\Users\guilh\.m2\repository\net\java\dev\jna\jna\5.12.1\jna-5.12.1.jar;C:\Users\guilh\.m2\repository\org\testcontainers\junit-jupiter\1.19.0\junit-jupiter-1.19.0.jar;C:\Users\guilh\.m2\repository\org\testcontainers\postgresql\1.19.0\postgresql-1.19.0.jar;C:\Users\guilh\.m2\repository\org\testcontainers\jdbc\1.19.8\jdbc-1.19.8.jar;C:\Users\guilh\.m2\repository\org\testcontainers\database-commons\1.19.8\database-commons-1.19.8.jar;"/>
    <property name="sun.cpu.endian" value="little"/>
    <property name="user.home" value="C:\Users\guilh"/>
    <property name="user.language" value="en"/>
    <property name="java.specification.vendor" value="Oracle Corporation"/>
    <property name="java.version.date" value="2024-07-16"/>
    <property name="java.home" value="C:\Program Files\Eclipse Adoptium\jdk-17.0.12.7-hotspot"/>
    <property name="file.separator" value="\"/>
    <property name="basedir" value="C:\Users\guilh\Documents\GitHub\workout-planner-service"/>
    <property name="java.vm.compressedOopsMode" value="Zero based"/>
    <property name="line.separator" value="&#10;"/>
    <property name="java.vm.specification.vendor" value="Oracle Corporation"/>
    <property name="java.specification.name" value="Java Platform API Specification"/>
    <property name="FILE_LOG_CHARSET" value="windows-1252"/>
    <property name="java.awt.headless" value="true"/>
    <property name="surefire.real.class.path" value="C:\Users\guilh\AppData\Local\Temp\surefire11412922965351433454\surefirebooter-20241026150205514_3.jar"/>
    <property name="user.script" value=""/>
    <property name="sun.management.compiler" value="HotSpot 64-Bit Tiered Compilers"/>
    <property name="java.runtime.version" value="17.0.12+7"/>
    <property name="user.name" value="guilh"/>
    <property name="path.separator" value=";"/>
    <property name="os.version" value="10.0"/>
    <property name="java.runtime.name" value="OpenJDK Runtime Environment"/>
    <property name="file.encoding" value="Cp1252"/>
    <property name="java.vm.name" value="OpenJDK 64-Bit Server VM"/>
    <property name="java.vendor.version" value="Temurin-17.0.12+7"/>
    <property name="localRepository" value="C:\Users\guilh\.m2\repository"/>
    <property name="java.vendor.url.bug" value="https://github.com/adoptium/adoptium-support/issues"/>
    <property name="java.io.tmpdir" value="C:\Users\guilh\AppData\Local\Temp\"/>
    <property name="com.zaxxer.hikari.pool_number" value="1"/>
    <property name="java.version" value="17.0.12"/>
    <property name="user.dir" value="C:\Users\guilh\Documents\GitHub\workout-planner-service"/>
    <property name="os.arch" value="amd64"/>
    <property name="java.vm.specification.name" value="Java Virtual Machine Specification"/>
    <property name="PID" value="30836"/>
    <property name="sun.os.patch.level" value=""/>
    <property name="CONSOLE_LOG_CHARSET" value="windows-1252"/>
    <property name="native.encoding" value="Cp1252"/>
    <property name="java.library.path" value="C:\Program Files\Eclipse Adoptium\jdk-17.0.12.7-hotspot\bin;C:\Windows\Sun\Java\bin;C:\Windows\system32;C:\Windows;C:\Program Files\Eclipse Adoptium\jdk-17.0.12.7-hotspot\bin;C:\Program Files\Eclipse Adoptium\jdk-11.0.24.8-hotspot\bin;C:\Python312\Scripts\;C:\Python312\;C:\Windows\system32;C:\Windows;C:\Windows\System32\Wbem;C:\Windows\System32\WindowsPowerShell\v1.0\;C:\Windows\System32\OpenSSH\;C:\Program Files (x86)\NVIDIA Corporation\PhysX\Common;C:\Program Files\NVIDIA Corporation\NVIDIA NvDLISR;C:\Program Files\Microsoft SQL Server\150\Tools\Binn\;C:\Program Files\Microsoft SQL Server\Client SDK\ODBC\170\Tools\Binn\;C:\Program Files\dotnet\;C:\Program Files (x86)\Microsoft SQL Server\160\DTS\Binn\;C:\Program Files\nodejs\;C:\ProgramData\chocolatey\bin;C:\Program Files (x86)\Microsoft SQL Server\160\Tools\Binn\;C:\Program Files\Microsoft SQL Server\160\Tools\Binn\;C:\Program Files\Microsoft SQL Server\160\DTS\Binn\;C:\Program Files\Mullvad VPN\resources;C:\Program Files\Maven\apache-maven-3.9.9\bin;C:\Program Files\Docker\Docker\resources\bin;C:\Program Files\Git\cmd;C:\Users\guilh\AppData\Local\Microsoft\WindowsApps;C:\Users\guilh\AppData\Local\Programs\Microsoft VS Code\bin;C:\Users\guilh\.dotnet\tools;C:\Users\guilh\AppData\Roaming\npm;C:\Program Files\JetBrains\IntelliJ IDEA Community Edition 2024.2.3\bin;;C:\Users\guilh\AppData\Local\GitHubDesktop\bin;."/>
    <property name="java.vm.info" value="mixed mode, sharing"/>
    <property name="java.vendor" value="Eclipse Adoptium"/>
    <property name="java.vm.version" value="17.0.12+7"/>
    <property name="sun.io.unicode.encoding" value="UnicodeLittle"/>
    <property name="java.class.version" value="61.0"/>
    <property name="LOGGED_APPLICATION_NAME" value="[workout-planner] "/>
  </properties>
  <testcase name="shouldRetrieveWorkoutsSuccessfully" classname="com.workout_planner_service.infrasctructure.adapters.outbound.persistence.WorkoutPersistenceAdapterTest" time="0.5">
    <system-out><![CDATA[15:02:06.222 [main] INFO org.springframework.test.context.support.AnnotationConfigContextLoaderUtils -- Could not detect default configuration classes for test class [com.workout_planner_service.infrasctructure.adapters.outbound.persistence.WorkoutPersistenceAdapterTest]: WorkoutPersistenceAdapterTest does not declare any static, non-private, non-final, nested classes annotated with @Configuration.
15:02:06.318 [main] INFO org.springframework.boot.test.context.SpringBootTestContextBootstrapper -- Found @SpringBootConfiguration com.workout_planner_service.infrasctructure.adapters.outbound.persistence.TestConfig for test class com.workout_planner_service.infrasctructure.adapters.outbound.persistence.WorkoutPersistenceAdapterTest
15:02:06.433 [main] INFO org.testcontainers.utility.ImageNameSubstitutor -- Image name substitution will be performed by: DefaultImageNameSubstitutor (composite of 'ConfigurationFileImageNameSubstitutor' and 'PrefixingImageNameSubstitutor')
15:02:06.590 [main] INFO org.testcontainers.dockerclient.DockerClientProviderStrategy -- Loaded org.testcontainers.dockerclient.NpipeSocketClientProviderStrategy from ~/.testcontainers.properties, will try it first
15:02:06.795 [main] INFO org.testcontainers.dockerclient.DockerClientProviderStrategy -- Found Docker environment with local Npipe socket (npipe:////./pipe/docker_engine)
15:02:06.796 [main] INFO org.testcontainers.DockerClientFactory -- Docker host IP address is localhost
15:02:06.811 [main] INFO org.testcontainers.DockerClientFactory -- Connected to docker: 
  Server Version: 27.2.0
  API Version: 1.47
  Operating System: Docker Desktop
  Total Memory: 15957 MB
15:02:06.827 [main] INFO tc.testcontainers/ryuk:0.5.1 -- Creating container for image: testcontainers/ryuk:0.5.1
15:02:07.054 [main] INFO tc.testcontainers/ryuk:0.5.1 -- Container testcontainers/ryuk:0.5.1 is starting: 0042cb8f3f45f9d058d178f9e6f35999dbf155f312a0cfb1a0b92dec9b3f447f
15:02:07.353 [main] INFO tc.testcontainers/ryuk:0.5.1 -- Container testcontainers/ryuk:0.5.1 started in PT0.5363072S
15:02:07.357 [main] INFO org.testcontainers.utility.RyukResourceReaper -- Ryuk started - will monitor and terminate Testcontainers containers on JVM exit
15:02:07.357 [main] INFO org.testcontainers.DockerClientFactory -- Checking the system...
15:02:07.358 [main] INFO org.testcontainers.DockerClientFactory -- ?? Docker server version should be at least 1.6.0
15:02:07.362 [main] INFO tc.library/postgres:17.0 -- Creating container for image: library/postgres:17.0
15:02:07.406 [main] INFO tc.library/postgres:17.0 -- Container library/postgres:17.0 is starting: 2869338539f49bf4c7aa2c86428b7a416bbaf4415292353bdc28bfbe5738c027
15:02:08.672 [main] INFO tc.library/postgres:17.0 -- Container library/postgres:17.0 started in PT1.3136276S
15:02:08.672 [main] INFO tc.library/postgres:17.0 -- Container is started (JDBC URL: jdbc:postgresql://localhost:49469/workout-planner?loggerLevel=OFF)

  .   ____          _            __ _ _
 /\\ / ___'_ __ _ _(_)_ __  __ _ \ \ \ \
( ( )\___ | '_ | '_| | '_ \/ _` | \ \ \ \
 \\/  ___)| |_)| | | | | || (_| |  ) ) ) )
  '  |____| .__|_| |_|_| |_\__, | / / / /
 =========|_|==============|___/=/_/_/_/

 :: Spring Boot ::                (v3.3.4)

2024-10-26T15:02:08.943+01:00  INFO 30836 --- [workout-planner] [           main] .w.i.a.o.p.WorkoutPersistenceAdapterTest : Starting WorkoutPersistenceAdapterTest using Java 17.0.12 with PID 30836 (started by guilh in C:\Users\guilh\Documents\GitHub\workout-planner-service)
2024-10-26T15:02:08.944+01:00  INFO 30836 --- [workout-planner] [           main] .w.i.a.o.p.WorkoutPersistenceAdapterTest : The following 1 profile is active: "test"
2024-10-26T15:02:09.220+01:00  INFO 30836 --- [workout-planner] [           main] .s.d.r.c.RepositoryConfigurationDelegate : Bootstrapping Spring Data JPA repositories in DEFAULT mode.
2024-10-26T15:02:09.260+01:00  INFO 30836 --- [workout-planner] [           main] .s.d.r.c.RepositoryConfigurationDelegate : Finished Spring Data repository scanning in 31 ms. Found 1 JPA repository interface.
2024-10-26T15:02:10.000+01:00  INFO 30836 --- [workout-planner] [           main] liquibase.changelog                      : Reading resource: db/changelog/versions/1.0/1-changelog-add_user_table.yaml
2024-10-26T15:02:10.010+01:00  INFO 30836 --- [workout-planner] [           main] liquibase.changelog                      : Reading resource: db/changelog/versions/1.0/2-changelog-add_workout_table.yaml
2024-10-26T15:02:10.013+01:00  INFO 30836 --- [workout-planner] [           main] liquibase.changelog                      : Reading resource: db/changelog/versions/1.0/3-changelog-add_exercise_type_table.yaml
2024-10-26T15:02:10.016+01:00  INFO 30836 --- [workout-planner] [           main] liquibase.changelog                      : Reading resource: db/changelog/versions/1.0/4-changelog-add_exercise_category_table.yaml
2024-10-26T15:02:10.020+01:00  INFO 30836 --- [workout-planner] [           main] liquibase.changelog                      : Reading resource: db/changelog/versions/1.0/5-changelog-add_exercise_table.yaml
2024-10-26T15:02:10.024+01:00  INFO 30836 --- [workout-planner] [           main] liquibase.changelog                      : Reading resource: db/changelog/versions/1.0/6-changelog-add_exercise_instructions_table.yaml
2024-10-26T15:02:10.028+01:00  INFO 30836 --- [workout-planner] [           main] liquibase.changelog                      : Reading resource: db/changelog/versions/1.0/7-changelog-add_workout_exercises_table.yaml
2024-10-26T15:02:10.032+01:00  INFO 30836 --- [workout-planner] [           main] liquibase.changelog                      : Reading resource: db/changelog/versions/1.0/8-changelog-add_workout_records_table.yaml
2024-10-26T15:02:10.071+01:00  INFO 30836 --- [workout-planner] [           main] liquibase.changelog                      : Creating database history table with name: public.databasechangelog
2024-10-26T15:02:10.152+01:00  INFO 30836 --- [workout-planner] [           main] liquibase.changelog                      : Reading from public.databasechangelog
2024-10-26T15:02:10.253+01:00  INFO 30836 --- [workout-planner] [           main] liquibase.lockservice                    : Successfully acquired change log lock
2024-10-26T15:02:10.254+01:00  INFO 30836 --- [workout-planner] [           main] liquibase.command                        : Using deploymentId: 9951330254
2024-10-26T15:02:10.258+01:00  INFO 30836 --- [workout-planner] [           main] liquibase.changelog                      : Reading from public.databasechangelog
2024-10-26T15:02:10.286+01:00  INFO 30836 --- [workout-planner] [           main] liquibase.ui                             : Running Changeset: db/changelog/versions/1.0/1-changelog-add_user_table.yaml::1::WorkoutPlanner
2024-10-26T15:02:10.293+01:00  INFO 30836 --- [workout-planner] [           main] liquibase.changelog                      : Table users created
2024-10-26T15:02:10.294+01:00  INFO 30836 --- [workout-planner] [           main] liquibase.changelog                      : ChangeSet db/changelog/versions/1.0/1-changelog-add_user_table.yaml::1::WorkoutPlanner ran successfully in 7ms
2024-10-26T15:02:10.300+01:00  INFO 30836 --- [workout-planner] [           main] liquibase.ui                             : Running Changeset: db/changelog/versions/1.0/2-changelog-add_workout_table.yaml::2::WorkoutPlanner
2024-10-26T15:02:10.303+01:00  INFO 30836 --- [workout-planner] [           main] liquibase.changelog                      : Table workouts created
2024-10-26T15:02:10.306+01:00  INFO 30836 --- [workout-planner] [           main] liquibase.changelog                      : Foreign key constraint added to workouts (owner)
2024-10-26T15:02:10.307+01:00  INFO 30836 --- [workout-planner] [           main] liquibase.changelog                      : ChangeSet db/changelog/versions/1.0/2-changelog-add_workout_table.yaml::2::WorkoutPlanner ran successfully in 6ms
2024-10-26T15:02:10.311+01:00  INFO 30836 --- [workout-planner] [           main] liquibase.ui                             : Running Changeset: db/changelog/versions/1.0/3-changelog-add_exercise_type_table.yaml::3::WorkoutPlanner
2024-10-26T15:02:10.314+01:00  INFO 30836 --- [workout-planner] [           main] liquibase.changelog                      : Table exercise_types created
2024-10-26T15:02:10.315+01:00  INFO 30836 --- [workout-planner] [           main] liquibase.changelog                      : ChangeSet db/changelog/versions/1.0/3-changelog-add_exercise_type_table.yaml::3::WorkoutPlanner ran successfully in 4ms
2024-10-26T15:02:10.318+01:00  INFO 30836 --- [workout-planner] [           main] liquibase.ui                             : Running Changeset: db/changelog/versions/1.0/4-changelog-add_exercise_category_table.yaml::4::WorkoutPlanner
2024-10-26T15:02:10.322+01:00  INFO 30836 --- [workout-planner] [           main] liquibase.changelog                      : Table exercise_categories created
2024-10-26T15:02:10.324+01:00  INFO 30836 --- [workout-planner] [           main] liquibase.changelog                      : Foreign key constraint added to exercise_categories (owner)
2024-10-26T15:02:10.325+01:00  INFO 30836 --- [workout-planner] [           main] liquibase.changelog                      : ChangeSet db/changelog/versions/1.0/4-changelog-add_exercise_category_table.yaml::4::WorkoutPlanner ran successfully in 6ms
2024-10-26T15:02:10.330+01:00  INFO 30836 --- [workout-planner] [           main] liquibase.ui                             : Running Changeset: db/changelog/versions/1.0/5-changelog-add_exercise_table.yaml::5::WorkoutPlanner
2024-10-26T15:02:10.335+01:00  INFO 30836 --- [workout-planner] [           main] liquibase.changelog                      : Table exercises created
2024-10-26T15:02:10.337+01:00  INFO 30836 --- [workout-planner] [           main] liquibase.changelog                      : Foreign key constraint added to exercises (category_id)
2024-10-26T15:02:10.339+01:00  INFO 30836 --- [workout-planner] [           main] liquibase.changelog                      : Foreign key constraint added to exercises (exercise_type_id)
2024-10-26T15:02:10.341+01:00  INFO 30836 --- [workout-planner] [           main] liquibase.changelog                      : Foreign key constraint added to exercises (owner)
2024-10-26T15:02:10.342+01:00  INFO 30836 --- [workout-planner] [           main] liquibase.changelog                      : ChangeSet db/changelog/versions/1.0/5-changelog-add_exercise_table.yaml::5::WorkoutPlanner ran successfully in 11ms
2024-10-26T15:02:10.347+01:00  INFO 30836 --- [workout-planner] [           main] liquibase.ui                             : Running Changeset: db/changelog/versions/1.0/6-changelog-add_exercise_instructions_table.yaml::6::WorkoutPlanner
2024-10-26T15:02:10.351+01:00  INFO 30836 --- [workout-planner] [           main] liquibase.changelog                      : Table exercise_instructions created
2024-10-26T15:02:10.353+01:00  INFO 30836 --- [workout-planner] [           main] liquibase.changelog                      : Foreign key constraint added to exercise_instructions (exercise_id)
2024-10-26T15:02:10.355+01:00  INFO 30836 --- [workout-planner] [           main] liquibase.changelog                      : Foreign key constraint added to exercise_instructions (owner)
2024-10-26T15:02:10.356+01:00  INFO 30836 --- [workout-planner] [           main] liquibase.changelog                      : ChangeSet db/changelog/versions/1.0/6-changelog-add_exercise_instructions_table.yaml::6::WorkoutPlanner ran successfully in 9ms
2024-10-26T15:02:10.359+01:00  INFO 30836 --- [workout-planner] [           main] liquibase.ui                             : Running Changeset: db/changelog/versions/1.0/7-changelog-add_workout_exercises_table.yaml::7::WorkoutPlanner
2024-10-26T15:02:10.362+01:00  INFO 30836 --- [workout-planner] [           main] liquibase.changelog                      : Table workout_exercises created
2024-10-26T15:02:10.364+01:00  INFO 30836 --- [workout-planner] [           main] liquibase.changelog                      : Primary key added to workout_exercises (workout_id, exercise_id)
2024-10-26T15:02:10.366+01:00  INFO 30836 --- [workout-planner] [           main] liquibase.changelog                      : Foreign key constraint added to workout_exercises (workout_id)
2024-10-26T15:02:10.368+01:00  INFO 30836 --- [workout-planner] [           main] liquibase.changelog                      : Foreign key constraint added to workout_exercises (exercise_id)
2024-10-26T15:02:10.369+01:00  INFO 30836 --- [workout-planner] [           main] liquibase.changelog                      : ChangeSet db/changelog/versions/1.0/7-changelog-add_workout_exercises_table.yaml::7::WorkoutPlanner ran successfully in 10ms
2024-10-26T15:02:10.374+01:00  INFO 30836 --- [workout-planner] [           main] liquibase.ui                             : Running Changeset: db/changelog/versions/1.0/8-changelog-add_workout_records_table.yaml::8::WorkoutPlanner
2024-10-26T15:02:10.378+01:00  INFO 30836 --- [workout-planner] [           main] liquibase.changelog                      : Table workout_records created
2024-10-26T15:02:10.380+01:00  INFO 30836 --- [workout-planner] [           main] liquibase.changelog                      : Foreign key constraint added to workout_records (workout_id)
2024-10-26T15:02:10.381+01:00  INFO 30836 --- [workout-planner] [           main] liquibase.changelog                      : Foreign key constraint added to workout_records (exercise_id)
2024-10-26T15:02:10.382+01:00  INFO 30836 --- [workout-planner] [           main] liquibase.changelog                      : ChangeSet db/changelog/versions/1.0/8-changelog-add_workout_records_table.yaml::8::WorkoutPlanner ran successfully in 8ms
2024-10-26T15:02:10.389+01:00  INFO 30836 --- [workout-planner] [           main] liquibase.util                           : UPDATE SUMMARY
2024-10-26T15:02:10.389+01:00  INFO 30836 --- [workout-planner] [           main] liquibase.util                           : Run:                          8
2024-10-26T15:02:10.389+01:00  INFO 30836 --- [workout-planner] [           main] liquibase.util                           : Previously run:               0
2024-10-26T15:02:10.389+01:00  INFO 30836 --- [workout-planner] [           main] liquibase.util                           : Filtered out:                 0
2024-10-26T15:02:10.389+01:00  INFO 30836 --- [workout-planner] [           main] liquibase.util                           : -------------------------------
2024-10-26T15:02:10.389+01:00  INFO 30836 --- [workout-planner] [           main] liquibase.util                           : Total change sets:            8
2024-10-26T15:02:10.391+01:00  INFO 30836 --- [workout-planner] [           main] liquibase.util                           : Update summary generated
2024-10-26T15:02:10.393+01:00  INFO 30836 --- [workout-planner] [           main] liquibase.command                        : Update command completed successfully.
2024-10-26T15:02:10.394+01:00  INFO 30836 --- [workout-planner] [           main] liquibase.ui                             : Liquibase: Update has been successful. Rows affected: 8
2024-10-26T15:02:10.396+01:00  INFO 30836 --- [workout-planner] [           main] liquibase.lockservice                    : Successfully released change log lock
2024-10-26T15:02:10.398+01:00  INFO 30836 --- [workout-planner] [           main] liquibase.command                        : Command execution complete
2024-10-26T15:02:10.412+01:00  INFO 30836 --- [workout-planner] [           main] com.zaxxer.hikari.HikariDataSource       : HikariPool-1 - Starting...
2024-10-26T15:02:10.442+01:00  INFO 30836 --- [workout-planner] [           main] com.zaxxer.hikari.pool.HikariPool        : HikariPool-1 - Added connection org.postgresql.jdbc.PgConnection@7791ff50
2024-10-26T15:02:10.443+01:00  INFO 30836 --- [workout-planner] [           main] com.zaxxer.hikari.HikariDataSource       : HikariPool-1 - Start completed.
2024-10-26T15:02:10.516+01:00  INFO 30836 --- [workout-planner] [           main] o.hibernate.jpa.internal.util.LogHelper  : HHH000204: Processing PersistenceUnitInfo [name: default]
2024-10-26T15:02:10.568+01:00  INFO 30836 --- [workout-planner] [           main] org.hibernate.Version                    : HHH000412: Hibernate ORM core version 6.5.3.Final
2024-10-26T15:02:10.597+01:00  INFO 30836 --- [workout-planner] [           main] o.h.c.internal.RegionFactoryInitiator    : HHH000026: Second-level cache disabled
2024-10-26T15:02:10.742+01:00  WARN 30836 --- [workout-planner] [           main] org.hibernate.orm.deprecation            : HHH90000025: PostgreSQLDialect does not need to be specified explicitly using 'hibernate.dialect' (remove the property setting and it will be selected by default)
2024-10-26T15:02:10.941+01:00  INFO 30836 --- [workout-planner] [           main] o.s.o.j.p.SpringPersistenceUnitInfo      : No LoadTimeWeaver setup: ignoring JPA class transformer
2024-10-26T15:02:11.698+01:00  INFO 30836 --- [workout-planner] [           main] o.h.e.t.j.p.i.JtaPlatformInitiator       : HHH000489: No JTA platform available (set 'hibernate.transaction.jta.platform' to enable JTA platform integration)
2024-10-26T15:02:11.701+01:00  INFO 30836 --- [workout-planner] [           main] j.LocalContainerEntityManagerFactoryBean : Initialized JPA EntityManagerFactory for persistence unit 'default'
2024-10-26T15:02:11.911+01:00  INFO 30836 --- [workout-planner] [           main] o.s.d.j.r.query.QueryEnhancerFactory     : Hibernate is in classpath; If applicable, HQL parser will be used.
2024-10-26T15:02:12.238+01:00  INFO 30836 --- [workout-planner] [           main] .w.i.a.o.p.WorkoutPersistenceAdapterTest : Started WorkoutPersistenceAdapterTest in 3.538 seconds (process running for 6.646)
Hibernate: select wje1_0.id,wje1_0.created_at,wje1_0.name,wje1_0.owner from public.workouts wje1_0 where wje1_0.owner=?
Hibernate: select uje1_0.id,uje1_0.email,uje1_0.first_name,uje1_0.last_name from public.users uje1_0 where uje1_0.id=?
]]></system-out>
  </testcase>
  <testcase name="shouldThrowExceptionWhenUserIdIsNull" classname="com.workout_planner_service.infrasctructure.adapters.outbound.persistence.WorkoutPersistenceAdapterTest" time="0.007"/>
</testsuite>