<?xml version="1.0" encoding="UTF-8"?>
<testsuite xmlns:xsi="http://www.w3.org/2001/XMLSchema-instance" xsi:noNamespaceSchemaLocation="https://maven.apache.org/surefire/maven-surefire-plugin/xsd/surefire-test-report-3.0.xsd" version="3.0" name="com.workout_planner_service.infrastructure.adapters.outbound.persistence.ExerciseCategoryPersistenceAdapterTest" time="13.94" tests="8" errors="0" skipped="0" failures="0">
  <properties>
    <property name="java.specification.version" value="21"/>
    <property name="sun.cpu.isalist" value="amd64"/>
    <property name="sun.jnu.encoding" value="Cp1252"/>
    <property name="java.class.path" value="C:\Users\JimBob\Documents\GitHub\workout-planner-service\target\test-classes;C:\Users\JimBob\Documents\GitHub\workout-planner-service\target\classes;C:\Users\JimBob\.m2\repository\org\springframework\boot\spring-boot-starter-data-jpa\3.3.4\spring-boot-starter-data-jpa-3.3.4.jar;C:\Users\JimBob\.m2\repository\org\springframework\boot\spring-boot-starter-aop\3.3.4\spring-boot-starter-aop-3.3.4.jar;C:\Users\JimBob\.m2\repository\org\aspectj\aspectjweaver\1.9.22.1\aspectjweaver-1.9.22.1.jar;C:\Users\JimBob\.m2\repository\org\springframework\boot\spring-boot-starter-jdbc\3.3.4\spring-boot-starter-jdbc-3.3.4.jar;C:\Users\JimBob\.m2\repository\com\zaxxer\HikariCP\5.1.0\HikariCP-5.1.0.jar;C:\Users\JimBob\.m2\repository\org\springframework\spring-jdbc\6.1.13\spring-jdbc-6.1.13.jar;C:\Users\JimBob\.m2\repository\org\hibernate\orm\hibernate-core\6.5.3.Final\hibernate-core-6.5.3.Final.jar;C:\Users\JimBob\.m2\repository\jakarta\persistence\jakarta.persistence-api\3.1.0\jakarta.persistence-api-3.1.0.jar;C:\Users\JimBob\.m2\repository\jakarta\transaction\jakarta.transaction-api\2.0.1\jakarta.transaction-api-2.0.1.jar;C:\Users\JimBob\.m2\repository\org\jboss\logging\jboss-logging\3.5.3.Final\jboss-logging-3.5.3.Final.jar;C:\Users\JimBob\.m2\repository\org\hibernate\common\hibernate-commons-annotations\6.0.6.Final\hibernate-commons-annotations-6.0.6.Final.jar;C:\Users\JimBob\.m2\repository\io\smallrye\jandex\3.1.2\jandex-3.1.2.jar;C:\Users\JimBob\.m2\repository\com\fasterxml\classmate\1.7.0\classmate-1.7.0.jar;C:\Users\JimBob\.m2\repository\net\bytebuddy\byte-buddy\1.14.19\byte-buddy-1.14.19.jar;C:\Users\JimBob\.m2\repository\org\glassfish\jaxb\jaxb-runtime\4.0.5\jaxb-runtime-4.0.5.jar;C:\Users\JimBob\.m2\repository\org\glassfish\jaxb\jaxb-core\4.0.5\jaxb-core-4.0.5.jar;C:\Users\JimBob\.m2\repository\org\eclipse\angus\angus-activation\2.0.2\angus-activation-2.0.2.jar;C:\Users\JimBob\.m2\repository\org\glassfish\jaxb\txw2\4.0.5\txw2-4.0.5.jar;C:\Users\JimBob\.m2\repository\com\sun\istack\istack-commons-runtime\4.1.2\istack-commons-runtime-4.1.2.jar;C:\Users\JimBob\.m2\repository\jakarta\inject\jakarta.inject-api\2.0.1\jakarta.inject-api-2.0.1.jar;C:\Users\JimBob\.m2\repository\org\antlr\antlr4-runtime\4.13.0\antlr4-runtime-4.13.0.jar;C:\Users\JimBob\.m2\repository\org\springframework\data\spring-data-jpa\3.3.4\spring-data-jpa-3.3.4.jar;C:\Users\JimBob\.m2\repository\org\springframework\data\spring-data-commons\3.3.4\spring-data-commons-3.3.4.jar;C:\Users\JimBob\.m2\repository\org\springframework\spring-orm\6.1.13\spring-orm-6.1.13.jar;C:\Users\JimBob\.m2\repository\org\springframework\spring-context\6.1.13\spring-context-6.1.13.jar;C:\Users\JimBob\.m2\repository\org\springframework\spring-tx\6.1.13\spring-tx-6.1.13.jar;C:\Users\JimBob\.m2\repository\org\springframework\spring-beans\6.1.13\spring-beans-6.1.13.jar;C:\Users\JimBob\.m2\repository\jakarta\annotation\jakarta.annotation-api\2.1.1\jakarta.annotation-api-2.1.1.jar;C:\Users\JimBob\.m2\repository\org\springframework\spring-aspects\6.1.13\spring-aspects-6.1.13.jar;C:\Users\JimBob\.m2\repository\org\springframework\boot\spring-boot-starter-web\3.3.4\spring-boot-starter-web-3.3.4.jar;C:\Users\JimBob\.m2\repository\org\springframework\boot\spring-boot-starter\3.3.4\spring-boot-starter-3.3.4.jar;C:\Users\JimBob\.m2\repository\org\springframework\boot\spring-boot\3.3.4\spring-boot-3.3.4.jar;C:\Users\JimBob\.m2\repository\org\springframework\boot\spring-boot-autoconfigure\3.3.4\spring-boot-autoconfigure-3.3.4.jar;C:\Users\JimBob\.m2\repository\org\springframework\boot\spring-boot-starter-logging\3.3.4\spring-boot-starter-logging-3.3.4.jar;C:\Users\JimBob\.m2\repository\ch\qos\logback\logback-classic\1.5.8\logback-classic-1.5.8.jar;C:\Users\JimBob\.m2\repository\ch\qos\logback\logback-core\1.5.8\logback-core-1.5.8.jar;C:\Users\JimBob\.m2\repository\org\apache\logging\log4j\log4j-to-slf4j\2.23.1\log4j-to-slf4j-2.23.1.jar;C:\Users\JimBob\.m2\repository\org\apache\logging\log4j\log4j-api\2.23.1\log4j-api-2.23.1.jar;C:\Users\JimBob\.m2\repository\org\slf4j\jul-to-slf4j\2.0.16\jul-to-slf4j-2.0.16.jar;C:\Users\JimBob\.m2\repository\org\springframework\boot\spring-boot-starter-json\3.3.4\spring-boot-starter-json-3.3.4.jar;C:\Users\JimBob\.m2\repository\com\fasterxml\jackson\datatype\jackson-datatype-jdk8\2.17.2\jackson-datatype-jdk8-2.17.2.jar;C:\Users\JimBob\.m2\repository\com\fasterxml\jackson\datatype\jackson-datatype-jsr310\2.17.2\jackson-datatype-jsr310-2.17.2.jar;C:\Users\JimBob\.m2\repository\com\fasterxml\jackson\module\jackson-module-parameter-names\2.17.2\jackson-module-parameter-names-2.17.2.jar;C:\Users\JimBob\.m2\repository\org\springframework\boot\spring-boot-starter-tomcat\3.3.4\spring-boot-starter-tomcat-3.3.4.jar;C:\Users\JimBob\.m2\repository\org\apache\tomcat\embed\tomcat-embed-core\10.1.30\tomcat-embed-core-10.1.30.jar;C:\Users\JimBob\.m2\repository\org\apache\tomcat\embed\tomcat-embed-el\10.1.30\tomcat-embed-el-10.1.30.jar;C:\Users\JimBob\.m2\repository\org\apache\tomcat\embed\tomcat-embed-websocket\10.1.30\tomcat-embed-websocket-10.1.30.jar;C:\Users\JimBob\.m2\repository\org\springframework\spring-web\6.1.13\spring-web-6.1.13.jar;C:\Users\JimBob\.m2\repository\io\micrometer\micrometer-observation\1.13.4\micrometer-observation-1.13.4.jar;C:\Users\JimBob\.m2\repository\io\micrometer\micrometer-commons\1.13.4\micrometer-commons-1.13.4.jar;C:\Users\JimBob\.m2\repository\org\springframework\spring-webmvc\6.1.13\spring-webmvc-6.1.13.jar;C:\Users\JimBob\.m2\repository\org\springframework\spring-expression\6.1.13\spring-expression-6.1.13.jar;C:\Users\JimBob\.m2\repository\io\hypersistence\hypersistence-utils-hibernate-63\3.8.2\hypersistence-utils-hibernate-63-3.8.2.jar;C:\Users\JimBob\.m2\repository\jakarta\xml\bind\jakarta.xml.bind-api\4.0.2\jakarta.xml.bind-api-4.0.2.jar;C:\Users\JimBob\.m2\repository\jakarta\activation\jakarta.activation-api\2.1.3\jakarta.activation-api-2.1.3.jar;C:\Users\JimBob\.m2\repository\io\hypersistence\hypersistence-tsid\2.1.1\hypersistence-tsid-2.1.1.jar;C:\Users\JimBob\.m2\repository\org\projectlombok\lombok\1.18.34\lombok-1.18.34.jar;C:\Users\JimBob\.m2\repository\org\springframework\boot\spring-boot-starter-test\3.3.4\spring-boot-starter-test-3.3.4.jar;C:\Users\JimBob\.m2\repository\org\springframework\boot\spring-boot-test\3.3.4\spring-boot-test-3.3.4.jar;C:\Users\JimBob\.m2\repository\org\springframework\boot\spring-boot-test-autoconfigure\3.3.4\spring-boot-test-autoconfigure-3.3.4.jar;C:\Users\JimBob\.m2\repository\com\jayway\jsonpath\json-path\2.9.0\json-path-2.9.0.jar;C:\Users\JimBob\.m2\repository\net\minidev\json-smart\2.5.1\json-smart-2.5.1.jar;C:\Users\JimBob\.m2\repository\net\minidev\accessors-smart\2.5.1\accessors-smart-2.5.1.jar;C:\Users\JimBob\.m2\repository\org\ow2\asm\asm\9.6\asm-9.6.jar;C:\Users\JimBob\.m2\repository\org\assertj\assertj-core\3.25.3\assertj-core-3.25.3.jar;C:\Users\JimBob\.m2\repository\org\awaitility\awaitility\4.2.2\awaitility-4.2.2.jar;C:\Users\JimBob\.m2\repository\org\hamcrest\hamcrest\2.2\hamcrest-2.2.jar;C:\Users\JimBob\.m2\repository\org\junit\jupiter\junit-jupiter\5.10.3\junit-jupiter-5.10.3.jar;C:\Users\JimBob\.m2\repository\org\junit\jupiter\junit-jupiter-api\5.10.3\junit-jupiter-api-5.10.3.jar;C:\Users\JimBob\.m2\repository\org\opentest4j\opentest4j\1.3.0\opentest4j-1.3.0.jar;C:\Users\JimBob\.m2\repository\org\junit\platform\junit-platform-commons\1.10.3\junit-platform-commons-1.10.3.jar;C:\Users\JimBob\.m2\repository\org\apiguardian\apiguardian-api\1.1.2\apiguardian-api-1.1.2.jar;C:\Users\JimBob\.m2\repository\org\junit\jupiter\junit-jupiter-params\5.10.3\junit-jupiter-params-5.10.3.jar;C:\Users\JimBob\.m2\repository\org\junit\jupiter\junit-jupiter-engine\5.10.3\junit-jupiter-engine-5.10.3.jar;C:\Users\JimBob\.m2\repository\org\junit\platform\junit-platform-engine\1.10.3\junit-platform-engine-1.10.3.jar;C:\Users\JimBob\.m2\repository\org\mockito\mockito-core\5.11.0\mockito-core-5.11.0.jar;C:\Users\JimBob\.m2\repository\net\bytebuddy\byte-buddy-agent\1.14.19\byte-buddy-agent-1.14.19.jar;C:\Users\JimBob\.m2\repository\org\objenesis\objenesis\3.3\objenesis-3.3.jar;C:\Users\JimBob\.m2\repository\org\mockito\mockito-junit-jupiter\5.11.0\mockito-junit-jupiter-5.11.0.jar;C:\Users\JimBob\.m2\repository\org\skyscreamer\jsonassert\1.5.3\jsonassert-1.5.3.jar;C:\Users\JimBob\.m2\repository\com\vaadin\external\google\android-json\0.0.20131108.vaadin1\android-json-0.0.20131108.vaadin1.jar;C:\Users\JimBob\.m2\repository\org\springframework\spring-core\6.1.13\spring-core-6.1.13.jar;C:\Users\JimBob\.m2\repository\org\springframework\spring-jcl\6.1.13\spring-jcl-6.1.13.jar;C:\Users\JimBob\.m2\repository\org\springframework\spring-test\6.1.13\spring-test-6.1.13.jar;C:\Users\JimBob\.m2\repository\org\xmlunit\xmlunit-core\2.9.1\xmlunit-core-2.9.1.jar;C:\Users\JimBob\.m2\repository\org\liquibase\liquibase-core\4.27.0\liquibase-core-4.27.0.jar;C:\Users\JimBob\.m2\repository\com\opencsv\opencsv\5.9\opencsv-5.9.jar;C:\Users\JimBob\.m2\repository\org\apache\commons\commons-text\1.11.0\commons-text-1.11.0.jar;C:\Users\JimBob\.m2\repository\org\apache\commons\commons-collections4\4.4\commons-collections4-4.4.jar;C:\Users\JimBob\.m2\repository\org\yaml\snakeyaml\2.2\snakeyaml-2.2.jar;C:\Users\JimBob\.m2\repository\javax\xml\bind\jaxb-api\2.3.1\jaxb-api-2.3.1.jar;C:\Users\JimBob\.m2\repository\org\apache\commons\commons-lang3\3.14.0\commons-lang3-3.14.0.jar;C:\Users\JimBob\.m2\repository\org\postgresql\postgresql\42.7.4\postgresql-42.7.4.jar;C:\Users\JimBob\.m2\repository\org\checkerframework\checker-qual\3.42.0\checker-qual-3.42.0.jar;C:\Users\JimBob\.m2\repository\org\mapstruct\mapstruct\1.6.2\mapstruct-1.6.2.jar;C:\Users\JimBob\.m2\repository\org\mapstruct\mapstruct-processor\1.6.2\mapstruct-processor-1.6.2.jar;C:\Users\JimBob\.m2\repository\org\springframework\boot\spring-boot-starter-security\3.3.4\spring-boot-starter-security-3.3.4.jar;C:\Users\JimBob\.m2\repository\org\springframework\spring-aop\6.1.13\spring-aop-6.1.13.jar;C:\Users\JimBob\.m2\repository\org\springframework\security\spring-security-config\6.3.3\spring-security-config-6.3.3.jar;C:\Users\JimBob\.m2\repository\org\springframework\security\spring-security-core\6.3.3\spring-security-core-6.3.3.jar;C:\Users\JimBob\.m2\repository\org\springframework\security\spring-security-crypto\6.3.3\spring-security-crypto-6.3.3.jar;C:\Users\JimBob\.m2\repository\org\springframework\security\spring-security-web\6.3.3\spring-security-web-6.3.3.jar;C:\Users\JimBob\.m2\repository\io\jsonwebtoken\jjwt-api\0.12.6\jjwt-api-0.12.6.jar;C:\Users\JimBob\.m2\repository\io\jsonwebtoken\jjwt-impl\0.12.6\jjwt-impl-0.12.6.jar;C:\Users\JimBob\.m2\repository\io\jsonwebtoken\jjwt-jackson\0.12.6\jjwt-jackson-0.12.6.jar;C:\Users\JimBob\.m2\repository\com\fasterxml\jackson\core\jackson-databind\2.17.2\jackson-databind-2.17.2.jar;C:\Users\JimBob\.m2\repository\com\fasterxml\jackson\core\jackson-annotations\2.17.2\jackson-annotations-2.17.2.jar;C:\Users\JimBob\.m2\repository\com\fasterxml\jackson\core\jackson-core\2.17.2\jackson-core-2.17.2.jar;C:\Users\JimBob\.m2\repository\org\testcontainers\testcontainers\1.19.0\testcontainers-1.19.0.jar;C:\Users\JimBob\.m2\repository\junit\junit\4.13.2\junit-4.13.2.jar;C:\Users\JimBob\.m2\repository\org\hamcrest\hamcrest-core\2.2\hamcrest-core-2.2.jar;C:\Users\JimBob\.m2\repository\org\slf4j\slf4j-api\2.0.16\slf4j-api-2.0.16.jar;C:\Users\JimBob\.m2\repository\org\apache\commons\commons-compress\1.23.0\commons-compress-1.23.0.jar;C:\Users\JimBob\.m2\repository\org\rnorth\duct-tape\duct-tape\1.0.8\duct-tape-1.0.8.jar;C:\Users\JimBob\.m2\repository\org\jetbrains\annotations\17.0.0\annotations-17.0.0.jar;C:\Users\JimBob\.m2\repository\com\github\docker-java\docker-java-api\3.3.3\docker-java-api-3.3.3.jar;C:\Users\JimBob\.m2\repository\com\github\docker-java\docker-java-transport-zerodep\3.3.3\docker-java-transport-zerodep-3.3.3.jar;C:\Users\JimBob\.m2\repository\com\github\docker-java\docker-java-transport\3.3.3\docker-java-transport-3.3.3.jar;C:\Users\JimBob\.m2\repository\net\java\dev\jna\jna\5.12.1\jna-5.12.1.jar;C:\Users\JimBob\.m2\repository\org\testcontainers\junit-jupiter\1.19.0\junit-jupiter-1.19.0.jar;C:\Users\JimBob\.m2\repository\org\testcontainers\postgresql\1.19.0\postgresql-1.19.0.jar;C:\Users\JimBob\.m2\repository\org\testcontainers\jdbc\1.19.8\jdbc-1.19.8.jar;C:\Users\JimBob\.m2\repository\org\testcontainers\database-commons\1.19.8\database-commons-1.19.8.jar;C:\Users\JimBob\.m2\repository\org\openapitools\jackson-databind-nullable\0.2.6\jackson-databind-nullable-0.2.6.jar;C:\Users\JimBob\.m2\repository\org\springdoc\springdoc-openapi-ui\1.8.0\springdoc-openapi-ui-1.8.0.jar;C:\Users\JimBob\.m2\repository\org\springdoc\springdoc-openapi-webmvc-core\1.8.0\springdoc-openapi-webmvc-core-1.8.0.jar;C:\Users\JimBob\.m2\repository\org\springdoc\springdoc-openapi-common\1.8.0\springdoc-openapi-common-1.8.0.jar;C:\Users\JimBob\.m2\repository\io\swagger\core\v3\swagger-core\2.2.20\swagger-core-2.2.20.jar;C:\Users\JimBob\.m2\repository\com\fasterxml\jackson\dataformat\jackson-dataformat-yaml\2.17.2\jackson-dataformat-yaml-2.17.2.jar;C:\Users\JimBob\.m2\repository\io\swagger\core\v3\swagger-annotations\2.2.20\swagger-annotations-2.2.20.jar;C:\Users\JimBob\.m2\repository\io\swagger\core\v3\swagger-models\2.2.20\swagger-models-2.2.20.jar;C:\Users\JimBob\.m2\repository\jakarta\validation\jakarta.validation-api\3.0.2\jakarta.validation-api-3.0.2.jar;C:\Users\JimBob\.m2\repository\org\webjars\swagger-ui\5.11.8\swagger-ui-5.11.8.jar;C:\Users\JimBob\.m2\repository\javax\validation\validation-api\2.0.1.Final\validation-api-2.0.1.Final.jar;C:\Users\JimBob\.m2\repository\javax\annotation\javax.annotation-api\1.3.2\javax.annotation-api-1.3.2.jar;C:\Users\JimBob\.m2\repository\javax\servlet\javax.servlet-api\4.0.1\javax.servlet-api-4.0.1.jar;"/>
    <property name="java.vm.vendor" value="Eclipse Adoptium"/>
    <property name="sun.arch.data.model" value="64"/>
    <property name="user.variant" value=""/>
    <property name="java.vendor.url" value="https://adoptium.net/"/>
    <property name="user.timezone" value="Europe/Lisbon"/>
    <property name="org.jboss.logging.provider" value="slf4j"/>
    <property name="os.name" value="Windows 11"/>
    <property name="java.vm.specification.version" value="21"/>
    <property name="sun.java.launcher" value="SUN_STANDARD"/>
    <property name="user.country" value="US"/>
    <property name="sun.boot.library.path" value="C:\Program Files\Eclipse Adoptium\jdk-21.0.5.11-hotspot\bin"/>
    <property name="sun.java.command" value="C:\Users\JimBob\AppData\Local\Temp\surefire788957590092638303\surefirebooter-20250111172016982_3.jar C:\Users\JimBob\AppData\Local\Temp\surefire788957590092638303 2025-01-11T17-20-16_809-jvmRun1 surefire-20250111172016982_1tmp surefire_0-20250111172016982_2tmp"/>
    <property name="jdk.debug" value="release"/>
    <property name="surefire.test.class.path" value="C:\Users\JimBob\Documents\GitHub\workout-planner-service\target\test-classes;C:\Users\JimBob\Documents\GitHub\workout-planner-service\target\classes;C:\Users\JimBob\.m2\repository\org\springframework\boot\spring-boot-starter-data-jpa\3.3.4\spring-boot-starter-data-jpa-3.3.4.jar;C:\Users\JimBob\.m2\repository\org\springframework\boot\spring-boot-starter-aop\3.3.4\spring-boot-starter-aop-3.3.4.jar;C:\Users\JimBob\.m2\repository\org\aspectj\aspectjweaver\1.9.22.1\aspectjweaver-1.9.22.1.jar;C:\Users\JimBob\.m2\repository\org\springframework\boot\spring-boot-starter-jdbc\3.3.4\spring-boot-starter-jdbc-3.3.4.jar;C:\Users\JimBob\.m2\repository\com\zaxxer\HikariCP\5.1.0\HikariCP-5.1.0.jar;C:\Users\JimBob\.m2\repository\org\springframework\spring-jdbc\6.1.13\spring-jdbc-6.1.13.jar;C:\Users\JimBob\.m2\repository\org\hibernate\orm\hibernate-core\6.5.3.Final\hibernate-core-6.5.3.Final.jar;C:\Users\JimBob\.m2\repository\jakarta\persistence\jakarta.persistence-api\3.1.0\jakarta.persistence-api-3.1.0.jar;C:\Users\JimBob\.m2\repository\jakarta\transaction\jakarta.transaction-api\2.0.1\jakarta.transaction-api-2.0.1.jar;C:\Users\JimBob\.m2\repository\org\jboss\logging\jboss-logging\3.5.3.Final\jboss-logging-3.5.3.Final.jar;C:\Users\JimBob\.m2\repository\org\hibernate\common\hibernate-commons-annotations\6.0.6.Final\hibernate-commons-annotations-6.0.6.Final.jar;C:\Users\JimBob\.m2\repository\io\smallrye\jandex\3.1.2\jandex-3.1.2.jar;C:\Users\JimBob\.m2\repository\com\fasterxml\classmate\1.7.0\classmate-1.7.0.jar;C:\Users\JimBob\.m2\repository\net\bytebuddy\byte-buddy\1.14.19\byte-buddy-1.14.19.jar;C:\Users\JimBob\.m2\repository\org\glassfish\jaxb\jaxb-runtime\4.0.5\jaxb-runtime-4.0.5.jar;C:\Users\JimBob\.m2\repository\org\glassfish\jaxb\jaxb-core\4.0.5\jaxb-core-4.0.5.jar;C:\Users\JimBob\.m2\repository\org\eclipse\angus\angus-activation\2.0.2\angus-activation-2.0.2.jar;C:\Users\JimBob\.m2\repository\org\glassfish\jaxb\txw2\4.0.5\txw2-4.0.5.jar;C:\Users\JimBob\.m2\repository\com\sun\istack\istack-commons-runtime\4.1.2\istack-commons-runtime-4.1.2.jar;C:\Users\JimBob\.m2\repository\jakarta\inject\jakarta.inject-api\2.0.1\jakarta.inject-api-2.0.1.jar;C:\Users\JimBob\.m2\repository\org\antlr\antlr4-runtime\4.13.0\antlr4-runtime-4.13.0.jar;C:\Users\JimBob\.m2\repository\org\springframework\data\spring-data-jpa\3.3.4\spring-data-jpa-3.3.4.jar;C:\Users\JimBob\.m2\repository\org\springframework\data\spring-data-commons\3.3.4\spring-data-commons-3.3.4.jar;C:\Users\JimBob\.m2\repository\org\springframework\spring-orm\6.1.13\spring-orm-6.1.13.jar;C:\Users\JimBob\.m2\repository\org\springframework\spring-context\6.1.13\spring-context-6.1.13.jar;C:\Users\JimBob\.m2\repository\org\springframework\spring-tx\6.1.13\spring-tx-6.1.13.jar;C:\Users\JimBob\.m2\repository\org\springframework\spring-beans\6.1.13\spring-beans-6.1.13.jar;C:\Users\JimBob\.m2\repository\jakarta\annotation\jakarta.annotation-api\2.1.1\jakarta.annotation-api-2.1.1.jar;C:\Users\JimBob\.m2\repository\org\springframework\spring-aspects\6.1.13\spring-aspects-6.1.13.jar;C:\Users\JimBob\.m2\repository\org\springframework\boot\spring-boot-starter-web\3.3.4\spring-boot-starter-web-3.3.4.jar;C:\Users\JimBob\.m2\repository\org\springframework\boot\spring-boot-starter\3.3.4\spring-boot-starter-3.3.4.jar;C:\Users\JimBob\.m2\repository\org\springframework\boot\spring-boot\3.3.4\spring-boot-3.3.4.jar;C:\Users\JimBob\.m2\repository\org\springframework\boot\spring-boot-autoconfigure\3.3.4\spring-boot-autoconfigure-3.3.4.jar;C:\Users\JimBob\.m2\repository\org\springframework\boot\spring-boot-starter-logging\3.3.4\spring-boot-starter-logging-3.3.4.jar;C:\Users\JimBob\.m2\repository\ch\qos\logback\logback-classic\1.5.8\logback-classic-1.5.8.jar;C:\Users\JimBob\.m2\repository\ch\qos\logback\logback-core\1.5.8\logback-core-1.5.8.jar;C:\Users\JimBob\.m2\repository\org\apache\logging\log4j\log4j-to-slf4j\2.23.1\log4j-to-slf4j-2.23.1.jar;C:\Users\JimBob\.m2\repository\org\apache\logging\log4j\log4j-api\2.23.1\log4j-api-2.23.1.jar;C:\Users\JimBob\.m2\repository\org\slf4j\jul-to-slf4j\2.0.16\jul-to-slf4j-2.0.16.jar;C:\Users\JimBob\.m2\repository\org\springframework\boot\spring-boot-starter-json\3.3.4\spring-boot-starter-json-3.3.4.jar;C:\Users\JimBob\.m2\repository\com\fasterxml\jackson\datatype\jackson-datatype-jdk8\2.17.2\jackson-datatype-jdk8-2.17.2.jar;C:\Users\JimBob\.m2\repository\com\fasterxml\jackson\datatype\jackson-datatype-jsr310\2.17.2\jackson-datatype-jsr310-2.17.2.jar;C:\Users\JimBob\.m2\repository\com\fasterxml\jackson\module\jackson-module-parameter-names\2.17.2\jackson-module-parameter-names-2.17.2.jar;C:\Users\JimBob\.m2\repository\org\springframework\boot\spring-boot-starter-tomcat\3.3.4\spring-boot-starter-tomcat-3.3.4.jar;C:\Users\JimBob\.m2\repository\org\apache\tomcat\embed\tomcat-embed-core\10.1.30\tomcat-embed-core-10.1.30.jar;C:\Users\JimBob\.m2\repository\org\apache\tomcat\embed\tomcat-embed-el\10.1.30\tomcat-embed-el-10.1.30.jar;C:\Users\JimBob\.m2\repository\org\apache\tomcat\embed\tomcat-embed-websocket\10.1.30\tomcat-embed-websocket-10.1.30.jar;C:\Users\JimBob\.m2\repository\org\springframework\spring-web\6.1.13\spring-web-6.1.13.jar;C:\Users\JimBob\.m2\repository\io\micrometer\micrometer-observation\1.13.4\micrometer-observation-1.13.4.jar;C:\Users\JimBob\.m2\repository\io\micrometer\micrometer-commons\1.13.4\micrometer-commons-1.13.4.jar;C:\Users\JimBob\.m2\repository\org\springframework\spring-webmvc\6.1.13\spring-webmvc-6.1.13.jar;C:\Users\JimBob\.m2\repository\org\springframework\spring-expression\6.1.13\spring-expression-6.1.13.jar;C:\Users\JimBob\.m2\repository\io\hypersistence\hypersistence-utils-hibernate-63\3.8.2\hypersistence-utils-hibernate-63-3.8.2.jar;C:\Users\JimBob\.m2\repository\jakarta\xml\bind\jakarta.xml.bind-api\4.0.2\jakarta.xml.bind-api-4.0.2.jar;C:\Users\JimBob\.m2\repository\jakarta\activation\jakarta.activation-api\2.1.3\jakarta.activation-api-2.1.3.jar;C:\Users\JimBob\.m2\repository\io\hypersistence\hypersistence-tsid\2.1.1\hypersistence-tsid-2.1.1.jar;C:\Users\JimBob\.m2\repository\org\projectlombok\lombok\1.18.34\lombok-1.18.34.jar;C:\Users\JimBob\.m2\repository\org\springframework\boot\spring-boot-starter-test\3.3.4\spring-boot-starter-test-3.3.4.jar;C:\Users\JimBob\.m2\repository\org\springframework\boot\spring-boot-test\3.3.4\spring-boot-test-3.3.4.jar;C:\Users\JimBob\.m2\repository\org\springframework\boot\spring-boot-test-autoconfigure\3.3.4\spring-boot-test-autoconfigure-3.3.4.jar;C:\Users\JimBob\.m2\repository\com\jayway\jsonpath\json-path\2.9.0\json-path-2.9.0.jar;C:\Users\JimBob\.m2\repository\net\minidev\json-smart\2.5.1\json-smart-2.5.1.jar;C:\Users\JimBob\.m2\repository\net\minidev\accessors-smart\2.5.1\accessors-smart-2.5.1.jar;C:\Users\JimBob\.m2\repository\org\ow2\asm\asm\9.6\asm-9.6.jar;C:\Users\JimBob\.m2\repository\org\assertj\assertj-core\3.25.3\assertj-core-3.25.3.jar;C:\Users\JimBob\.m2\repository\org\awaitility\awaitility\4.2.2\awaitility-4.2.2.jar;C:\Users\JimBob\.m2\repository\org\hamcrest\hamcrest\2.2\hamcrest-2.2.jar;C:\Users\JimBob\.m2\repository\org\junit\jupiter\junit-jupiter\5.10.3\junit-jupiter-5.10.3.jar;C:\Users\JimBob\.m2\repository\org\junit\jupiter\junit-jupiter-api\5.10.3\junit-jupiter-api-5.10.3.jar;C:\Users\JimBob\.m2\repository\org\opentest4j\opentest4j\1.3.0\opentest4j-1.3.0.jar;C:\Users\JimBob\.m2\repository\org\junit\platform\junit-platform-commons\1.10.3\junit-platform-commons-1.10.3.jar;C:\Users\JimBob\.m2\repository\org\apiguardian\apiguardian-api\1.1.2\apiguardian-api-1.1.2.jar;C:\Users\JimBob\.m2\repository\org\junit\jupiter\junit-jupiter-params\5.10.3\junit-jupiter-params-5.10.3.jar;C:\Users\JimBob\.m2\repository\org\junit\jupiter\junit-jupiter-engine\5.10.3\junit-jupiter-engine-5.10.3.jar;C:\Users\JimBob\.m2\repository\org\junit\platform\junit-platform-engine\1.10.3\junit-platform-engine-1.10.3.jar;C:\Users\JimBob\.m2\repository\org\mockito\mockito-core\5.11.0\mockito-core-5.11.0.jar;C:\Users\JimBob\.m2\repository\net\bytebuddy\byte-buddy-agent\1.14.19\byte-buddy-agent-1.14.19.jar;C:\Users\JimBob\.m2\repository\org\objenesis\objenesis\3.3\objenesis-3.3.jar;C:\Users\JimBob\.m2\repository\org\mockito\mockito-junit-jupiter\5.11.0\mockito-junit-jupiter-5.11.0.jar;C:\Users\JimBob\.m2\repository\org\skyscreamer\jsonassert\1.5.3\jsonassert-1.5.3.jar;C:\Users\JimBob\.m2\repository\com\vaadin\external\google\android-json\0.0.20131108.vaadin1\android-json-0.0.20131108.vaadin1.jar;C:\Users\JimBob\.m2\repository\org\springframework\spring-core\6.1.13\spring-core-6.1.13.jar;C:\Users\JimBob\.m2\repository\org\springframework\spring-jcl\6.1.13\spring-jcl-6.1.13.jar;C:\Users\JimBob\.m2\repository\org\springframework\spring-test\6.1.13\spring-test-6.1.13.jar;C:\Users\JimBob\.m2\repository\org\xmlunit\xmlunit-core\2.9.1\xmlunit-core-2.9.1.jar;C:\Users\JimBob\.m2\repository\org\liquibase\liquibase-core\4.27.0\liquibase-core-4.27.0.jar;C:\Users\JimBob\.m2\repository\com\opencsv\opencsv\5.9\opencsv-5.9.jar;C:\Users\JimBob\.m2\repository\org\apache\commons\commons-text\1.11.0\commons-text-1.11.0.jar;C:\Users\JimBob\.m2\repository\org\apache\commons\commons-collections4\4.4\commons-collections4-4.4.jar;C:\Users\JimBob\.m2\repository\org\yaml\snakeyaml\2.2\snakeyaml-2.2.jar;C:\Users\JimBob\.m2\repository\javax\xml\bind\jaxb-api\2.3.1\jaxb-api-2.3.1.jar;C:\Users\JimBob\.m2\repository\org\apache\commons\commons-lang3\3.14.0\commons-lang3-3.14.0.jar;C:\Users\JimBob\.m2\repository\org\postgresql\postgresql\42.7.4\postgresql-42.7.4.jar;C:\Users\JimBob\.m2\repository\org\checkerframework\checker-qual\3.42.0\checker-qual-3.42.0.jar;C:\Users\JimBob\.m2\repository\org\mapstruct\mapstruct\1.6.2\mapstruct-1.6.2.jar;C:\Users\JimBob\.m2\repository\org\mapstruct\mapstruct-processor\1.6.2\mapstruct-processor-1.6.2.jar;C:\Users\JimBob\.m2\repository\org\springframework\boot\spring-boot-starter-security\3.3.4\spring-boot-starter-security-3.3.4.jar;C:\Users\JimBob\.m2\repository\org\springframework\spring-aop\6.1.13\spring-aop-6.1.13.jar;C:\Users\JimBob\.m2\repository\org\springframework\security\spring-security-config\6.3.3\spring-security-config-6.3.3.jar;C:\Users\JimBob\.m2\repository\org\springframework\security\spring-security-core\6.3.3\spring-security-core-6.3.3.jar;C:\Users\JimBob\.m2\repository\org\springframework\security\spring-security-crypto\6.3.3\spring-security-crypto-6.3.3.jar;C:\Users\JimBob\.m2\repository\org\springframework\security\spring-security-web\6.3.3\spring-security-web-6.3.3.jar;C:\Users\JimBob\.m2\repository\io\jsonwebtoken\jjwt-api\0.12.6\jjwt-api-0.12.6.jar;C:\Users\JimBob\.m2\repository\io\jsonwebtoken\jjwt-impl\0.12.6\jjwt-impl-0.12.6.jar;C:\Users\JimBob\.m2\repository\io\jsonwebtoken\jjwt-jackson\0.12.6\jjwt-jackson-0.12.6.jar;C:\Users\JimBob\.m2\repository\com\fasterxml\jackson\core\jackson-databind\2.17.2\jackson-databind-2.17.2.jar;C:\Users\JimBob\.m2\repository\com\fasterxml\jackson\core\jackson-annotations\2.17.2\jackson-annotations-2.17.2.jar;C:\Users\JimBob\.m2\repository\com\fasterxml\jackson\core\jackson-core\2.17.2\jackson-core-2.17.2.jar;C:\Users\JimBob\.m2\repository\org\testcontainers\testcontainers\1.19.0\testcontainers-1.19.0.jar;C:\Users\JimBob\.m2\repository\junit\junit\4.13.2\junit-4.13.2.jar;C:\Users\JimBob\.m2\repository\org\hamcrest\hamcrest-core\2.2\hamcrest-core-2.2.jar;C:\Users\JimBob\.m2\repository\org\slf4j\slf4j-api\2.0.16\slf4j-api-2.0.16.jar;C:\Users\JimBob\.m2\repository\org\apache\commons\commons-compress\1.23.0\commons-compress-1.23.0.jar;C:\Users\JimBob\.m2\repository\org\rnorth\duct-tape\duct-tape\1.0.8\duct-tape-1.0.8.jar;C:\Users\JimBob\.m2\repository\org\jetbrains\annotations\17.0.0\annotations-17.0.0.jar;C:\Users\JimBob\.m2\repository\com\github\docker-java\docker-java-api\3.3.3\docker-java-api-3.3.3.jar;C:\Users\JimBob\.m2\repository\com\github\docker-java\docker-java-transport-zerodep\3.3.3\docker-java-transport-zerodep-3.3.3.jar;C:\Users\JimBob\.m2\repository\com\github\docker-java\docker-java-transport\3.3.3\docker-java-transport-3.3.3.jar;C:\Users\JimBob\.m2\repository\net\java\dev\jna\jna\5.12.1\jna-5.12.1.jar;C:\Users\JimBob\.m2\repository\org\testcontainers\junit-jupiter\1.19.0\junit-jupiter-1.19.0.jar;C:\Users\JimBob\.m2\repository\org\testcontainers\postgresql\1.19.0\postgresql-1.19.0.jar;C:\Users\JimBob\.m2\repository\org\testcontainers\jdbc\1.19.8\jdbc-1.19.8.jar;C:\Users\JimBob\.m2\repository\org\testcontainers\database-commons\1.19.8\database-commons-1.19.8.jar;C:\Users\JimBob\.m2\repository\org\openapitools\jackson-databind-nullable\0.2.6\jackson-databind-nullable-0.2.6.jar;C:\Users\JimBob\.m2\repository\org\springdoc\springdoc-openapi-ui\1.8.0\springdoc-openapi-ui-1.8.0.jar;C:\Users\JimBob\.m2\repository\org\springdoc\springdoc-openapi-webmvc-core\1.8.0\springdoc-openapi-webmvc-core-1.8.0.jar;C:\Users\JimBob\.m2\repository\org\springdoc\springdoc-openapi-common\1.8.0\springdoc-openapi-common-1.8.0.jar;C:\Users\JimBob\.m2\repository\io\swagger\core\v3\swagger-core\2.2.20\swagger-core-2.2.20.jar;C:\Users\JimBob\.m2\repository\com\fasterxml\jackson\dataformat\jackson-dataformat-yaml\2.17.2\jackson-dataformat-yaml-2.17.2.jar;C:\Users\JimBob\.m2\repository\io\swagger\core\v3\swagger-annotations\2.2.20\swagger-annotations-2.2.20.jar;C:\Users\JimBob\.m2\repository\io\swagger\core\v3\swagger-models\2.2.20\swagger-models-2.2.20.jar;C:\Users\JimBob\.m2\repository\jakarta\validation\jakarta.validation-api\3.0.2\jakarta.validation-api-3.0.2.jar;C:\Users\JimBob\.m2\repository\org\webjars\swagger-ui\5.11.8\swagger-ui-5.11.8.jar;C:\Users\JimBob\.m2\repository\javax\validation\validation-api\2.0.1.Final\validation-api-2.0.1.Final.jar;C:\Users\JimBob\.m2\repository\javax\annotation\javax.annotation-api\1.3.2\javax.annotation-api-1.3.2.jar;C:\Users\JimBob\.m2\repository\javax\servlet\javax.servlet-api\4.0.1\javax.servlet-api-4.0.1.jar;"/>
    <property name="sun.cpu.endian" value="little"/>
    <property name="user.home" value="C:\Users\JimBob"/>
    <property name="user.language" value="en"/>
    <property name="java.specification.vendor" value="Oracle Corporation"/>
    <property name="java.version.date" value="2024-10-15"/>
    <property name="java.home" value="C:\Program Files\Eclipse Adoptium\jdk-21.0.5.11-hotspot"/>
    <property name="file.separator" value="\"/>
    <property name="basedir" value="C:\Users\JimBob\Documents\GitHub\workout-planner-service"/>
    <property name="java.vm.compressedOopsMode" value="Zero based"/>
    <property name="line.separator" value="&#10;"/>
    <property name="java.vm.specification.vendor" value="Oracle Corporation"/>
    <property name="java.specification.name" value="Java Platform API Specification"/>
    <property name="FILE_LOG_CHARSET" value="UTF-8"/>
    <property name="java.awt.headless" value="true"/>
    <property name="surefire.real.class.path" value="C:\Users\JimBob\AppData\Local\Temp\surefire788957590092638303\surefirebooter-20250111172016982_3.jar"/>
    <property name="user.script" value=""/>
    <property name="sun.management.compiler" value="HotSpot 64-Bit Tiered Compilers"/>
    <property name="java.runtime.version" value="21.0.5+11-LTS"/>
    <property name="user.name" value="JimBob"/>
    <property name="stdout.encoding" value="Cp1252"/>
    <property name="path.separator" value=";"/>
    <property name="os.version" value="10.0"/>
    <property name="java.runtime.name" value="OpenJDK Runtime Environment"/>
    <property name="file.encoding" value="UTF-8"/>
    <property name="java.vm.name" value="OpenJDK 64-Bit Server VM"/>
    <property name="java.vendor.version" value="Temurin-21.0.5+11"/>
    <property name="localRepository" value="C:\Users\JimBob\.m2\repository"/>
    <property name="java.vendor.url.bug" value="https://github.com/adoptium/adoptium-support/issues"/>
    <property name="java.io.tmpdir" value="C:\Users\JimBob\AppData\Local\Temp\"/>
    <property name="com.zaxxer.hikari.pool_number" value="1"/>
    <property name="java.version" value="21.0.5"/>
    <property name="user.dir" value="C:\Users\JimBob\Documents\GitHub\workout-planner-service"/>
    <property name="os.arch" value="amd64"/>
    <property name="java.vm.specification.name" value="Java Virtual Machine Specification"/>
    <property name="PID" value="32672"/>
    <property name="sun.os.patch.level" value=""/>
    <property name="CONSOLE_LOG_CHARSET" value="UTF-8"/>
    <property name="native.encoding" value="Cp1252"/>
    <property name="java.library.path" value="C:\Program Files\Eclipse Adoptium\jdk-21.0.5.11-hotspot\bin;C:\WINDOWS\Sun\Java\bin;C:\WINDOWS\system32;C:\WINDOWS;C:\Python312\Scripts\;C:\Python312\;C:\Program Files\Eclipse Adoptium\jre-21.0.5.11-hotspot\bin;C:\Program Files\Eclipse Adoptium\jdk-21.0.5.11-hotspot\bin;C:\WINDOWS\system32;C:\WINDOWS;C:\WINDOWS\System32\Wbem;C:\WINDOWS\System32\WindowsPowerShell\v1.0\;C:\WINDOWS\System32\OpenSSH\;C:\Program Files\Microsoft VS Code\bin;C:\Program Files\Git\cmd;C:\Program Files\Docker\Docker\resources\bin;C:\Program Files\Microsoft SQL Server\150\Tools\Binn\;C:\Program Files\Microsoft SQL Server\Client SDK\ODBC\170\Tools\Binn\;C:\Program Files\dotnet\;C:\Program Files\nodejs\;C:\Program Files (x86)\Microsoft SQL Server\160\Tools\Binn\;C:\Program Files\Microsoft SQL Server\160\Tools\Binn\;C:\Program Files\Microsoft SQL Server\160\DTS\Binn\;C:\ProgramData\chocolatey\bin;C:\Program Files (x86)\Microsoft SQL Server\160\DTS\Binn\;C:\Program Files\Mullvad VPN\resources;C:\Program Files\maven\apache-maven-3.9.9\bin;C:\Users\JimBob\AppData\Local\Microsoft\WindowsApps;C:\Program Files\JetBrains\IntelliJ IDEA Community Edition 2024.2.4\bin;;C:\Users\JimBob\AppData\Local\GitHubDesktop\bin;C:\Users\JimBob\.dotnet\tools;C:\Users\JimBob\AppData\Roaming\npm;;."/>
    <property name="java.vm.info" value="mixed mode, sharing"/>
    <property name="stderr.encoding" value="Cp1252"/>
    <property name="java.vendor" value="Eclipse Adoptium"/>
    <property name="java.vm.version" value="21.0.5+11-LTS"/>
    <property name="sun.io.unicode.encoding" value="UnicodeLittle"/>
    <property name="java.class.version" value="65.0"/>
    <property name="LOGGED_APPLICATION_NAME" value="[workout-planner] "/>
  </properties>
  <testcase name="shouldDeleteAExerciseCategory" classname="com.workout_planner_service.infrastructure.adapters.outbound.persistence.ExerciseCategoryPersistenceAdapterTest" time="0.837">
    <system-out><![CDATA[17:20:18.293 [main] INFO org.springframework.test.context.support.AnnotationConfigContextLoaderUtils -- Could not detect default configuration classes for test class [com.workout_planner_service.infrastructure.adapters.outbound.persistence.ExerciseCategoryPersistenceAdapterTest]: ExerciseCategoryPersistenceAdapterTest does not declare any static, non-private, non-final, nested classes annotated with @Configuration.
17:20:18.436 [main] INFO org.springframework.boot.test.context.SpringBootTestContextBootstrapper -- Found @SpringBootConfiguration com.workout_planner_service.infrastructure.adapters.outbound.persistence.TestConfig for test class com.workout_planner_service.infrastructure.adapters.outbound.persistence.ExerciseCategoryPersistenceAdapterTest
17:20:18.597 [main] INFO org.testcontainers.utility.ImageNameSubstitutor -- Image name substitution will be performed by: DefaultImageNameSubstitutor (composite of 'ConfigurationFileImageNameSubstitutor' and 'PrefixingImageNameSubstitutor')
17:20:18.863 [main] INFO org.testcontainers.dockerclient.DockerClientProviderStrategy -- Loaded org.testcontainers.dockerclient.NpipeSocketClientProviderStrategy from ~/.testcontainers.properties, will try it first
17:20:19.198 [main] INFO org.testcontainers.dockerclient.DockerClientProviderStrategy -- Found Docker environment with local Npipe socket (npipe:////./pipe/docker_engine)
17:20:19.198 [main] INFO org.testcontainers.DockerClientFactory -- Docker host IP address is localhost
17:20:19.233 [main] INFO org.testcontainers.DockerClientFactory -- Connected to docker: 
  Server Version: 27.3.1
  API Version: 1.47
  Operating System: Docker Desktop
  Total Memory: 15394 MB
17:20:19.375 [main] INFO tc.testcontainers/ryuk:0.5.1 -- Creating container for image: testcontainers/ryuk:0.5.1
17:20:19.581 [main] INFO org.testcontainers.utility.RegistryAuthLocator -- Credential helper/store (docker-credential-desktop) does not have credentials for https://index.docker.io/v1/
17:20:19.899 [main] INFO tc.testcontainers/ryuk:0.5.1 -- Container testcontainers/ryuk:0.5.1 is starting: 5d80aac0bf4e4f665fff6130793fb1a431b61dcc38dba16686957695f2aba7af
17:20:20.797 [main] INFO tc.testcontainers/ryuk:0.5.1 -- Container testcontainers/ryuk:0.5.1 started in PT1.5561509S
17:20:20.808 [main] INFO org.testcontainers.utility.RyukResourceReaper -- Ryuk started - will monitor and terminate Testcontainers containers on JVM exit
17:20:20.808 [main] INFO org.testcontainers.DockerClientFactory -- Checking the system...
17:20:20.810 [main] INFO org.testcontainers.DockerClientFactory -- ✔︎ Docker server version should be at least 1.6.0
17:20:20.861 [main] INFO tc.library/postgres:17.0 -- Creating container for image: library/postgres:17.0
17:20:21.095 [main] INFO tc.library/postgres:17.0 -- Container library/postgres:17.0 is starting: c4270a33afe34aa70a20e6f7617ad32671c1a91cac40945dd65aa969eb8d466e
17:20:24.100 [main] INFO tc.library/postgres:17.0 -- Container library/postgres:17.0 started in PT3.2886004S
17:20:24.101 [main] INFO tc.library/postgres:17.0 -- Container is started (JDBC URL: jdbc:postgresql://localhost:63301/workout-planner?loggerLevel=OFF)

  .   ____          _            __ _ _
 /\\ / ___'_ __ _ _(_)_ __  __ _ \ \ \ \
( ( )\___ | '_ | '_| | '_ \/ _` | \ \ \ \
 \\/  ___)| |_)| | | | | || (_| |  ) ) ) )
  '  |____| .__|_| |_|_| |_\__, | / / / /
 =========|_|==============|___/=/_/_/_/

 :: Spring Boot ::                (v3.3.4)

2025-01-11T17:20:24.556Z  INFO 32672 --- [workout-planner] [           main] p.ExerciseCategoryPersistenceAdapterTest : Starting ExerciseCategoryPersistenceAdapterTest using Java 21.0.5 with PID 32672 (started by JimBob in C:\Users\JimBob\Documents\GitHub\workout-planner-service)
2025-01-11T17:20:24.556Z  INFO 32672 --- [workout-planner] [           main] p.ExerciseCategoryPersistenceAdapterTest : The following 1 profile is active: "test"
2025-01-11T17:20:25.036Z  INFO 32672 --- [workout-planner] [           main] .s.d.r.c.RepositoryConfigurationDelegate : Bootstrapping Spring Data JPA repositories in DEFAULT mode.
2025-01-11T17:20:25.101Z  INFO 32672 --- [workout-planner] [           main] .s.d.r.c.RepositoryConfigurationDelegate : Finished Spring Data repository scanning in 55 ms. Found 4 JPA repository interfaces.
2025-01-11T17:20:26.540Z  INFO 32672 --- [workout-planner] [           main] liquibase.changelog                      : Reading resource: db/changelog/versions/1.0/1-changelog-add_user_table.yaml
2025-01-11T17:20:26.575Z  INFO 32672 --- [workout-planner] [           main] liquibase.changelog                      : Reading resource: db/changelog/versions/1.0/2-changelog-add_workout_table.yaml
2025-01-11T17:20:26.580Z  INFO 32672 --- [workout-planner] [           main] liquibase.changelog                      : Reading resource: db/changelog/versions/1.0/3-changelog-add_exercise_type_table.yaml
2025-01-11T17:20:26.580Z  INFO 32672 --- [workout-planner] [           main] liquibase.changelog                      : Reading resource: db/changelog/versions/1.0/4-changelog-add_exercise_category_table.yaml
2025-01-11T17:20:26.596Z  INFO 32672 --- [workout-planner] [           main] liquibase.changelog                      : Reading resource: db/changelog/versions/1.0/5-changelog-add_exercise_table.yaml
2025-01-11T17:20:26.612Z  INFO 32672 --- [workout-planner] [           main] liquibase.changelog                      : Reading resource: db/changelog/versions/1.0/6-changelog-add_exercise_instructions_table.yaml
2025-01-11T17:20:26.622Z  INFO 32672 --- [workout-planner] [           main] liquibase.changelog                      : Reading resource: db/changelog/versions/1.0/7-changelog-add_workout_exercises_table.yaml
2025-01-11T17:20:26.627Z  INFO 32672 --- [workout-planner] [           main] liquibase.changelog                      : Reading resource: db/changelog/versions/1.0/8-changelog-add_workout_records_table.yaml
2025-01-11T17:20:26.725Z  INFO 32672 --- [workout-planner] [           main] liquibase.changelog                      : Creating database history table with name: public.databasechangelog
2025-01-11T17:20:26.885Z  INFO 32672 --- [workout-planner] [           main] liquibase.changelog                      : Reading from public.databasechangelog
2025-01-11T17:20:27.099Z  INFO 32672 --- [workout-planner] [           main] liquibase.lockservice                    : Successfully acquired change log lock
2025-01-11T17:20:27.102Z  INFO 32672 --- [workout-planner] [           main] liquibase.command                        : Using deploymentId: 6616027101
2025-01-11T17:20:27.107Z  INFO 32672 --- [workout-planner] [           main] liquibase.changelog                      : Reading from public.databasechangelog
2025-01-11T17:20:27.145Z  INFO 32672 --- [workout-planner] [           main] liquibase.ui                             : Running Changeset: db/changelog/versions/1.0/1-changelog-add_user_table.yaml::1::WorkoutPlanner
2025-01-11T17:20:27.170Z  INFO 32672 --- [workout-planner] [           main] liquibase.changelog                      : Table users created
2025-01-11T17:20:27.172Z  INFO 32672 --- [workout-planner] [           main] liquibase.changelog                      : ChangeSet db/changelog/versions/1.0/1-changelog-add_user_table.yaml::1::WorkoutPlanner ran successfully in 27ms
2025-01-11T17:20:27.181Z  INFO 32672 --- [workout-planner] [           main] liquibase.ui                             : Running Changeset: db/changelog/versions/1.0/2-changelog-add_workout_table.yaml::2::WorkoutPlanner
2025-01-11T17:20:27.192Z  INFO 32672 --- [workout-planner] [           main] liquibase.changelog                      : Table workouts created
2025-01-11T17:20:27.200Z  INFO 32672 --- [workout-planner] [           main] liquibase.changelog                      : Foreign key constraint added to workouts (owner)
2025-01-11T17:20:27.203Z  INFO 32672 --- [workout-planner] [           main] liquibase.changelog                      : ChangeSet db/changelog/versions/1.0/2-changelog-add_workout_table.yaml::2::WorkoutPlanner ran successfully in 21ms
2025-01-11T17:20:27.210Z  INFO 32672 --- [workout-planner] [           main] liquibase.ui                             : Running Changeset: db/changelog/versions/1.0/3-changelog-add_exercise_type_table.yaml::3::WorkoutPlanner
2025-01-11T17:20:27.218Z  INFO 32672 --- [workout-planner] [           main] liquibase.changelog                      : Table exercise_types created
2025-01-11T17:20:27.219Z  INFO 32672 --- [workout-planner] [           main] liquibase.changelog                      : ChangeSet db/changelog/versions/1.0/3-changelog-add_exercise_type_table.yaml::3::WorkoutPlanner ran successfully in 8ms
2025-01-11T17:20:27.227Z  INFO 32672 --- [workout-planner] [           main] liquibase.ui                             : Running Changeset: db/changelog/versions/1.0/4-changelog-add_exercise_category_table.yaml::4::WorkoutPlanner
2025-01-11T17:20:27.235Z  INFO 32672 --- [workout-planner] [           main] liquibase.changelog                      : Table exercise_categories created
2025-01-11T17:20:27.238Z  INFO 32672 --- [workout-planner] [           main] liquibase.changelog                      : Foreign key constraint added to exercise_categories (owner)
2025-01-11T17:20:27.241Z  INFO 32672 --- [workout-planner] [           main] liquibase.changelog                      : ChangeSet db/changelog/versions/1.0/4-changelog-add_exercise_category_table.yaml::4::WorkoutPlanner ran successfully in 13ms
2025-01-11T17:20:27.250Z  INFO 32672 --- [workout-planner] [           main] liquibase.ui                             : Running Changeset: db/changelog/versions/1.0/5-changelog-add_exercise_table.yaml::5::WorkoutPlanner
2025-01-11T17:20:27.258Z  INFO 32672 --- [workout-planner] [           main] liquibase.changelog                      : Table exercises created
2025-01-11T17:20:27.262Z  INFO 32672 --- [workout-planner] [           main] liquibase.changelog                      : Foreign key constraint added to exercises (category_id)
2025-01-11T17:20:27.266Z  INFO 32672 --- [workout-planner] [           main] liquibase.changelog                      : Foreign key constraint added to exercises (exercise_type_id)
2025-01-11T17:20:27.270Z  INFO 32672 --- [workout-planner] [           main] liquibase.changelog                      : Foreign key constraint added to exercises (owner)
2025-01-11T17:20:27.271Z  INFO 32672 --- [workout-planner] [           main] liquibase.changelog                      : ChangeSet db/changelog/versions/1.0/5-changelog-add_exercise_table.yaml::5::WorkoutPlanner ran successfully in 20ms
2025-01-11T17:20:27.280Z  INFO 32672 --- [workout-planner] [           main] liquibase.ui                             : Running Changeset: db/changelog/versions/1.0/6-changelog-add_exercise_instructions_table.yaml::6::WorkoutPlanner
2025-01-11T17:20:27.288Z  INFO 32672 --- [workout-planner] [           main] liquibase.changelog                      : Table exercise_instructions created
2025-01-11T17:20:27.291Z  INFO 32672 --- [workout-planner] [           main] liquibase.changelog                      : Foreign key constraint added to exercise_instructions (exercise_id)
2025-01-11T17:20:27.295Z  INFO 32672 --- [workout-planner] [           main] liquibase.changelog                      : Foreign key constraint added to exercise_instructions (owner)
2025-01-11T17:20:27.298Z  INFO 32672 --- [workout-planner] [           main] liquibase.changelog                      : ChangeSet db/changelog/versions/1.0/6-changelog-add_exercise_instructions_table.yaml::6::WorkoutPlanner ran successfully in 17ms
2025-01-11T17:20:27.304Z  INFO 32672 --- [workout-planner] [           main] liquibase.ui                             : Running Changeset: db/changelog/versions/1.0/7-changelog-add_workout_exercises_table.yaml::7::WorkoutPlanner
2025-01-11T17:20:27.310Z  INFO 32672 --- [workout-planner] [           main] liquibase.changelog                      : Table workout_exercises created
2025-01-11T17:20:27.314Z  INFO 32672 --- [workout-planner] [           main] liquibase.changelog                      : Primary key added to workout_exercises (workout_id, exercise_id)
2025-01-11T17:20:27.318Z  INFO 32672 --- [workout-planner] [           main] liquibase.changelog                      : Foreign key constraint added to workout_exercises (workout_id)
2025-01-11T17:20:27.322Z  INFO 32672 --- [workout-planner] [           main] liquibase.changelog                      : Foreign key constraint added to workout_exercises (exercise_id)
2025-01-11T17:20:27.323Z  INFO 32672 --- [workout-planner] [           main] liquibase.changelog                      : ChangeSet db/changelog/versions/1.0/7-changelog-add_workout_exercises_table.yaml::7::WorkoutPlanner ran successfully in 18ms
2025-01-11T17:20:27.331Z  INFO 32672 --- [workout-planner] [           main] liquibase.ui                             : Running Changeset: db/changelog/versions/1.0/8-changelog-add_workout_records_table.yaml::8::WorkoutPlanner
2025-01-11T17:20:27.337Z  INFO 32672 --- [workout-planner] [           main] liquibase.changelog                      : Table workout_records created
2025-01-11T17:20:27.340Z  INFO 32672 --- [workout-planner] [           main] liquibase.changelog                      : Foreign key constraint added to workout_records (workout_id)
2025-01-11T17:20:27.343Z  INFO 32672 --- [workout-planner] [           main] liquibase.changelog                      : Foreign key constraint added to workout_records (exercise_id)
2025-01-11T17:20:27.344Z  INFO 32672 --- [workout-planner] [           main] liquibase.changelog                      : ChangeSet db/changelog/versions/1.0/8-changelog-add_workout_records_table.yaml::8::WorkoutPlanner ran successfully in 12ms
2025-01-11T17:20:27.361Z  INFO 32672 --- [workout-planner] [           main] liquibase.util                           : UPDATE SUMMARY
2025-01-11T17:20:27.361Z  INFO 32672 --- [workout-planner] [           main] liquibase.util                           : Run:                          8
2025-01-11T17:20:27.361Z  INFO 32672 --- [workout-planner] [           main] liquibase.util                           : Previously run:               0
2025-01-11T17:20:27.361Z  INFO 32672 --- [workout-planner] [           main] liquibase.util                           : Filtered out:                 0
2025-01-11T17:20:27.361Z  INFO 32672 --- [workout-planner] [           main] liquibase.util                           : -------------------------------
2025-01-11T17:20:27.361Z  INFO 32672 --- [workout-planner] [           main] liquibase.util                           : Total change sets:            8
2025-01-11T17:20:27.361Z  INFO 32672 --- [workout-planner] [           main] liquibase.util                           : Update summary generated
2025-01-11T17:20:27.361Z  INFO 32672 --- [workout-planner] [           main] liquibase.command                        : Update command completed successfully.
2025-01-11T17:20:27.361Z  INFO 32672 --- [workout-planner] [           main] liquibase.ui                             : Liquibase: Update has been successful. Rows affected: 8
2025-01-11T17:20:27.378Z  INFO 32672 --- [workout-planner] [           main] liquibase.lockservice                    : Successfully released change log lock
2025-01-11T17:20:27.382Z  INFO 32672 --- [workout-planner] [           main] liquibase.command                        : Command execution complete
2025-01-11T17:20:27.424Z  INFO 32672 --- [workout-planner] [           main] com.zaxxer.hikari.HikariDataSource       : HikariPool-1 - Starting...
2025-01-11T17:20:27.469Z  INFO 32672 --- [workout-planner] [           main] com.zaxxer.hikari.pool.HikariPool        : HikariPool-1 - Added connection org.postgresql.jdbc.PgConnection@1df06ecd
2025-01-11T17:20:27.473Z  INFO 32672 --- [workout-planner] [           main] com.zaxxer.hikari.HikariDataSource       : HikariPool-1 - Start completed.
2025-01-11T17:20:27.905Z  INFO 32672 --- [workout-planner] [           main] o.hibernate.jpa.internal.util.LogHelper  : HHH000204: Processing PersistenceUnitInfo [name: default]
2025-01-11T17:20:28.065Z  INFO 32672 --- [workout-planner] [           main] org.hibernate.Version                    : HHH000412: Hibernate ORM core version 6.5.3.Final
2025-01-11T17:20:28.112Z  INFO 32672 --- [workout-planner] [           main] o.h.c.internal.RegionFactoryInitiator    : HHH000026: Second-level cache disabled
2025-01-11T17:20:28.278Z  WARN 32672 --- [workout-planner] [           main] org.hibernate.orm.deprecation            : HHH90000025: PostgreSQLDialect does not need to be specified explicitly using 'hibernate.dialect' (remove the property setting and it will be selected by default)
2025-01-11T17:20:28.555Z  INFO 32672 --- [workout-planner] [           main] o.s.o.j.p.SpringPersistenceUnitInfo      : No LoadTimeWeaver setup: ignoring JPA class transformer
2025-01-11T17:20:29.663Z  INFO 32672 --- [workout-planner] [           main] o.h.e.t.j.p.i.JtaPlatformInitiator       : HHH000489: No JTA platform available (set 'hibernate.transaction.jta.platform' to enable JTA platform integration)
2025-01-11T17:20:29.663Z  INFO 32672 --- [workout-planner] [           main] j.LocalContainerEntityManagerFactoryBean : Initialized JPA EntityManagerFactory for persistence unit 'default'
2025-01-11T17:20:30.084Z  INFO 32672 --- [workout-planner] [           main] o.s.d.j.r.query.QueryEnhancerFactory     : Hibernate is in classpath; If applicable, HQL parser will be used.
2025-01-11T17:20:30.907Z  INFO 32672 --- [workout-planner] [           main] p.ExerciseCategoryPersistenceAdapterTest : Started ExerciseCategoryPersistenceAdapterTest in 6.775 seconds (process running for 13.762)
Hibernate: select ecje1_0.id,ecje1_0.created_at,ecje1_0.name,o1_0.id,o1_0.email,o1_0.first_name,o1_0.last_name from public.exercise_categories ecje1_0 left join public.users o1_0 on o1_0.id=ecje1_0.owner where ecje1_0.id=?
Hibernate: select uje1_0.id,uje1_0.email,uje1_0.first_name,uje1_0.last_name from public.users uje1_0 where uje1_0.id=?
]]></system-out>
    <system-err><![CDATA[WARNING: A Java agent has been loaded dynamically (C:\Users\JimBob\.m2\repository\net\bytebuddy\byte-buddy-agent\1.14.19\byte-buddy-agent-1.14.19.jar)
WARNING: If a serviceability tool is in use, please run with -XX:+EnableDynamicAgentLoading to hide this warning
WARNING: If a serviceability tool is not in use, please run with -Djdk.instrument.traceUsage for more information
WARNING: Dynamic loading of agents will be disallowed by default in a future release
]]></system-err>
  </testcase>
  <testcase name="shouldRetrieveExerciseCategoriesSuccessfully" classname="com.workout_planner_service.infrastructure.adapters.outbound.persistence.ExerciseCategoryPersistenceAdapterTest" time="0.123">
    <system-out><![CDATA[Hibernate: select ecje1_0.id,ecje1_0.created_at,ecje1_0.name,ecje1_0.owner from public.exercise_categories ecje1_0 where ecje1_0.owner=?
Hibernate: select uje1_0.id,uje1_0.email,uje1_0.first_name,uje1_0.last_name from public.users uje1_0 where uje1_0.id=?
]]></system-out>
  </testcase>
  <testcase name="shouldRetrieveExerciseCategoryById" classname="com.workout_planner_service.infrastructure.adapters.outbound.persistence.ExerciseCategoryPersistenceAdapterTest" time="0.02">
    <system-out><![CDATA[Hibernate: select ecje1_0.id,ecje1_0.created_at,ecje1_0.name,o1_0.id,o1_0.email,o1_0.first_name,o1_0.last_name from public.exercise_categories ecje1_0 left join public.users o1_0 on o1_0.id=ecje1_0.owner where ecje1_0.id=?
]]></system-out>
  </testcase>
  <testcase name="shouldThrowExceptionWhenExerciseCategoryIdIsNullForGet" classname="com.workout_planner_service.infrastructure.adapters.outbound.persistence.ExerciseCategoryPersistenceAdapterTest" time="0.005"/>
  <testcase name="shouldThrowExceptionIfExerciseCategoryIsNull" classname="com.workout_planner_service.infrastructure.adapters.outbound.persistence.ExerciseCategoryPersistenceAdapterTest" time="0.004"/>
  <testcase name="shouldSaveAExerciseCategory" classname="com.workout_planner_service.infrastructure.adapters.outbound.persistence.ExerciseCategoryPersistenceAdapterTest" time="0.019">
    <system-out><![CDATA[Hibernate: select ecje1_0.id,ecje1_0.created_at,ecje1_0.name,o1_0.id,o1_0.email,o1_0.first_name,o1_0.last_name from public.exercise_categories ecje1_0 left join public.users o1_0 on o1_0.id=ecje1_0.owner where ecje1_0.id=?
Hibernate: select uje1_0.id,uje1_0.email,uje1_0.first_name,uje1_0.last_name from public.users uje1_0 where uje1_0.id=?
]]></system-out>
  </testcase>
  <testcase name="shouldThrowExceptionWhenUserIdIsNull" classname="com.workout_planner_service.infrastructure.adapters.outbound.persistence.ExerciseCategoryPersistenceAdapterTest" time="0.007"/>
  <testcase name="shouldThrowExceptionWhenExerciseCategoryIdIsNullForDelete" classname="com.workout_planner_service.infrastructure.adapters.outbound.persistence.ExerciseCategoryPersistenceAdapterTest" time="0.005"/>
</testsuite>